kind;n;m;sum_n;AgeLatency;IterationCount;ExpansionVertex;ExpansionEdges;LowerBounds;UpperBounds;gen_time;sp_time
1;5;4;32;21;3;"[7,18,21]";"[9,44,47]";"[13,21,21]";"[21,21,21]";0.00;0.00
1;5;4;198;37;2;"[7,166]";"[8,305]";"[10,37]";"[37,37]";0.00;1.00
1;5;4;251;42;2;"[7,46]";"[7,71]";"[19,42]";"[48,42]";0.00;0.00
1;5;4;49;28;2;"[7,17]";"[8,28]";"[20,28]";"[30,28]";0.00;0.00
1;5;4;237;17;2;"[7,31]";"[9,52]";"[10,17]";"[17,17]";0.00;0.00
1;5;4;16;26;2;"[7,16]";"[8,28]";"[22,26]";"[28,26]";0.00;0.00
1;5;4;1093;21;2;"[7,63]";"[9,125]";"[13,21]";"[21,21]";0.00;0.00
1;5;4;27;8;2;"[7,12]";"[9,23]";"[5,8]";"[8,8]";0.00;0.00
1;5;4;247;23;2;"[7,22]";"[9,39]";"[21,23]";"[23,23]";0.00;0.00
1;5;4;33;21;2;"[7,27]";"[8,46]";"[11,21]";"[21,21]";0.00;0.00
1;5;4;31;28;2;"[7,9]";"[8,14]";"[13,28]";"[28,28]";0.00;0.00
1;5;4;23;9;2;"[7,9]";"[9,15]";"[6,9]";"[9,9]";0.00;0.00
1;5;4;32;27;2;"[7,27]";"[8,48]";"[17,27]";"[27,27]";0.00;0.00
1;5;4;191;25;2;"[7,60]";"[8,91]";"[9,25]";"[27,25]";0.00;0.00
1;5;4;341;26;2;"[7,27]";"[9,52]";"[13,26]";"[26,26]";0.00;0.00
1;5;4;331;51;2;"[7,214]";"[7,347]";"[23,51]";"[54,51]";0.00;0.00
1;5;4;349;17;2;"[7,12]";"[9,20]";"[10,17]";"[17,17]";0.00;0.00
1;5;4;77;20;2;"[7,18]";"[9,41]";"[13,20]";"[20,20]";0.00;0.00
1;5;4;125;26;2;"[7,24]";"[8,42]";"[20,26]";"[26,26]";0.00;0.00
1;5;4;383;29;2;"[7,56]";"[8,100]";"[17,29]";"[29,29]";0.00;0.00
1;5;4;247;23;1;"[7]";"[9]";"[23]";"[23]";0.00;0.00
1;5;4;39;26;3;"[7,14,17]";"[7,22,28]";"[24,26,26]";"[26,26,26]";0.00;0.00
1;5;4;53;31;2;"[7,35]";"[9,74]";"[15,31]";"[31,31]";0.00;0.00
1;5;4;139;28;2;"[7,24]";"[9,53]";"[19,28]";"[28,28]";0.00;0.00
1;5;4;74;15;2;"[7,10]";"[9,15]";"[12,15]";"[15,15]";0.00;0.00
1;5;4;221;33;2;"[7,90]";"[9,163]";"[13,33]";"[33,33]";0.00;0.00
1;5;4;748;32;2;"[7,99]";"[8,228]";"[13,32]";"[32,32]";0.00;0.00
1;5;4;19;13;3;"[7,17,20]";"[8,30,31]";"[9,13,13]";"[14,14,13]";0.00;0.00
1;5;4;34;25;2;"[7,13]";"[9,23]";"[17,25]";"[25,25]";0.00;0.00
1;5;4;178;22;2;"[7,30]";"[8,50]";"[9,22]";"[22,22]";0.00;0.00
1;5;4;159;31;2;"[7,63]";"[8,129]";"[20,31]";"[31,31]";0.00;0.00
1;5;4;41;13;2;"[7,9]";"[8,12]";"[9,13]";"[13,13]";0.00;0.00
1;5;4;521;18;2;"[7,15]";"[9,33]";"[11,18]";"[18,18]";0.00;0.00
1;5;4;50;11;2;"[7,23]";"[9,35]";"[9,11]";"[11,11]";0.00;0.00
1;5;4;28;23;2;"[7,23]";"[9,50]";"[11,23]";"[23,23]";0.00;0.00
1;5;4;41;15;2;"[7,21]";"[8,31]";"[9,15]";"[17,15]";0.00;0.00
1;5;4;79;37;2;"[7,23]";"[8,42]";"[25,37]";"[37,37]";0.00;0.00
1;5;4;436;31;2;"[7,125]";"[9,254]";"[17,31]";"[31,31]";0.00;0.00
1;5;4;23;12;2;"[7,17]";"[8,28]";"[7,12]";"[12,12]";0.00;0.00
1;5;4;137;38;2;"[7,51]";"[7,92]";"[16,38]";"[38,38]";0.00;0.00
1;5;4;44;18;2;"[7,20]";"[8,39]";"[12,18]";"[18,18]";0.00;0.00
1;5;4;361;30;2;"[7,68]";"[9,117]";"[10,30]";"[30,30]";0.00;0.00
1;5;4;97;27;2;"[7,29]";"[9,61]";"[14,27]";"[27,27]";0.00;0.00
1;5;4;257;26;2;"[7,87]";"[9,169]";"[20,26]";"[26,26]";0.00;0.00
1;5;4;79;24;2;"[7,47]";"[9,85]";"[15,24]";"[24,24]";0.00;0.00
1;5;4;359;37;2;"[7,152]";"[7,227]";"[14,37]";"[37,37]";0.00;0.00
1;5;4;452;23;2;"[7,22]";"[9,39]";"[11,23]";"[23,23]";0.00;0.00
1;5;4;193;19;2;"[7,8]";"[9,11]";"[10,19]";"[19,19]";0.00;0.00
1;5;4;1459;28;3;"[7,24,32]";"[9,62,70]";"[19,28,28]";"[28,28,28]";0.00;0.00
1;5;4;185;25;2;"[7,47]";"[8,109]";"[11,25]";"[25,25]";0.00;0.00
1;5;5;32;29;2;"[7,23]";"[9,41]";"[18,29]";"[29,29]";0.00;0.00
1;5;5;198;37;2;"[7,166]";"[8,339]";"[10,37]";"[37,37]";0.00;0.00
1;5;5;251;61;2;"[7,253]";"[7,386]";"[19,61]";"[67,61]";0.00;0.00
1;5;5;49;28;2;"[7,17]";"[9,31]";"[20,28]";"[30,28]";0.00;0.00
1;5;5;237;23;2;"[7,34]";"[9,56]";"[10,23]";"[26,23]";0.00;0.00
1;5;5;16;26;2;"[7,16]";"[9,30]";"[22,26]";"[28,26]";0.00;0.00
1;5;5;1093;21;2;"[7,63]";"[9,138]";"[13,21]";"[21,21]";0.00;0.00
1;5;5;27;13;2;"[7,21]";"[9,54]";"[6,13]";"[13,13]";0.00;0.00
1;5;5;247;28;2;"[7,125]";"[9,245]";"[21,28]";"[28,28]";0.00;0.00
1;5;5;33;31;2;"[7,30]";"[8,52]";"[11,31]";"[31,31]";0.00;0.00
1;5;5;31;28;2;"[7,9]";"[9,15]";"[19,28]";"[28,28]";0.00;0.00
1;5;5;23;9;2;"[7,9]";"[10,14]";"[6,9]";"[9,9]";0.00;0.00
1;5;5;32;27;2;"[7,27]";"[8,52]";"[17,27]";"[27,27]";0.00;0.00
1;5;5;191;30;2;"[7,164]";"[8,274]";"[9,30]";"[30,30]";0.00;0.00
1;5;5;341;26;2;"[7,27]";"[9,52]";"[13,26]";"[26,26]";0.00;0.00
1;5;5;331;51;2;"[7,214]";"[8,379]";"[23,51]";"[54,51]";0.00;0.00
1;5;5;349;17;2;"[7,12]";"[9,20]";"[10,17]";"[17,17]";0.00;0.00
1;5;5;77;22;2;"[7,37]";"[9,69]";"[13,22]";"[22,22]";0.00;0.00
1;5;5;125;32;2;"[7,23]";"[8,46]";"[26,32]";"[32,32]";0.00;0.00
1;5;5;383;29;2;"[7,56]";"[9,110]";"[17,29]";"[29,29]";0.00;0.00
1;5;5;247;23;1;"[7]";"[9]";"[23]";"[23]";0.00;0.00
1;5;5;39;26;3;"[7,14,17]";"[8,27,33]";"[24,26,26]";"[26,26,26]";0.00;0.00
1;5;5;53;31;2;"[7,35]";"[9,83]";"[15,31]";"[31,31]";0.00;0.00
1;5;5;139;35;2;"[7,97]";"[9,156]";"[19,35]";"[35,35]";0.00;0.00
1;5;5;74;15;2;"[7,10]";"[10,19]";"[12,15]";"[15,15]";0.00;0.00
1;5;5;221;33;2;"[7,90]";"[9,197]";"[13,33]";"[33,33]";0.00;0.00
1;5;5;748;38;2;"[7,68]";"[9,175]";"[21,38]";"[38,38]";0.00;0.00
1;5;5;19;17;2;"[7,10]";"[8,16]";"[13,17]";"[18,17]";0.00;0.00
1;5;5;34;25;2;"[7,13]";"[10,28]";"[17,25]";"[25,25]";0.00;0.00
1;5;5;178;28;2;"[7,136]";"[8,250]";"[9,28]";"[30,28]";0.00;0.00
1;5;5;159;31;2;"[7,63]";"[9,153]";"[20,31]";"[31,31]";0.00;0.00
1;5;5;41;22;2;"[7,17]";"[8,42]";"[10,22]";"[22,22]";0.00;0.00
1;5;5;521;22;2;"[7,19]";"[10,42]";"[14,22]";"[22,22]";0.00;0.00
1;5;5;50;21;2;"[7,27]";"[9,50]";"[9,21]";"[21,21]";0.00;0.00
1;5;5;28;35;2;"[7,25]";"[8,51]";"[23,35]";"[35,35]";0.00;0.00
1;5;5;41;15;2;"[7,21]";"[8,36]";"[9,15]";"[17,15]";0.00;0.00
1;5;5;79;37;2;"[7,23]";"[8,51]";"[25,37]";"[37,37]";0.00;0.00
1;5;5;436;31;2;"[7,125]";"[9,274]";"[17,31]";"[31,31]";0.00;0.00
1;5;5;23;16;2;"[7,20]";"[8,34]";"[9,16]";"[18,16]";0.00;0.00
1;5;5;137;38;2;"[7,51]";"[8,112]";"[16,38]";"[38,38]";0.00;0.00
1;5;5;44;19;2;"[7,33]";"[8,58]";"[12,19]";"[19,19]";0.00;0.00
1;5;5;361;30;2;"[7,68]";"[9,145]";"[10,30]";"[30,30]";0.00;0.00
1;5;5;97;28;2;"[7,64]";"[9,111]";"[14,28]";"[28,28]";0.00;0.00
1;5;5;257;38;2;"[7,190]";"[8,356]";"[20,38]";"[38,38]";0.00;0.00
1;5;5;79;24;2;"[7,47]";"[9,97]";"[15,24]";"[24,24]";0.00;0.00
1;5;5;359;37;2;"[7,152]";"[8,262]";"[14,37]";"[37,37]";0.00;0.00
1;5;5;452;35;2;"[7,73]";"[9,211]";"[14,35]";"[35,35]";0.00;0.00
1;5;5;193;25;2;"[7,75]";"[9,199]";"[10,25]";"[25,25]";0.00;0.00
1;5;5;1459;37;2;"[7,195]";"[9,433]";"[19,37]";"[37,37]";0.00;0.00
1;5;5;185;25;2;"[7,47]";"[9,117]";"[15,25]";"[25,25]";0.00;0.00
1;5;6;32;29;2;"[7,23]";"[10,47]";"[18,29]";"[29,29]";0.00;0.00
1;5;6;198;37;2;"[7,166]";"[9,360]";"[10,37]";"[37,37]";0.00;0.00
1;5;6;251;61;2;"[7,253]";"[8,426]";"[26,61]";"[67,61]";0.00;0.00
1;5;6;49;28;2;"[7,17]";"[9,33]";"[20,28]";"[30,28]";0.00;0.00
1;5;6;237;23;3;"[7,34,55]";"[9,57,117]";"[10,23,14]";"[26,23,23]";0.00;0.00
1;5;6;16;26;2;"[7,16]";"[10,32]";"[22,26]";"[28,26]";0.00;0.00
1;5;6;1093;21;2;"[7,63]";"[10,173]";"[13,21]";"[21,21]";0.00;0.00
1;5;6;27;13;2;"[7,21]";"[10,52]";"[6,13]";"[13,13]";0.00;0.00
1;5;6;247;41;2;"[7,145]";"[9,285]";"[21,41]";"[47,41]";0.00;0.00
1;5;6;33;31;2;"[7,30]";"[9,62]";"[12,31]";"[31,31]";0.00;0.00
1;5;6;31;37;2;"[7,17]";"[9,37]";"[20,37]";"[37,37]";0.00;0.00
1;5;6;23;9;2;"[7,9]";"[11,17]";"[6,9]";"[9,9]";0.00;0.00
1;5;6;32;27;2;"[7,27]";"[9,55]";"[20,27]";"[27,27]";0.00;0.00
1;5;6;191;43;2;"[7,193]";"[8,313]";"[17,43]";"[44,43]";0.00;0.00
1;5;6;341;26;2;"[7,27]";"[10,57]";"[13,26]";"[26,26]";0.00;0.00
1;5;6;331;51;2;"[7,214]";"[9,419]";"[23,51]";"[54,51]";0.00;0.00
1;5;6;349;17;2;"[7,12]";"[10,21]";"[10,17]";"[17,17]";0.00;0.00
1;5;6;77;22;2;"[7,37]";"[10,70]";"[13,22]";"[22,22]";0.00;0.00
1;5;6;125;39;2;"[7,29]";"[9,54]";"[33,39]";"[39,39]";0.00;0.00
1;5;6;383;29;2;"[7,56]";"[9,144]";"[17,29]";"[29,29]";0.00;0.00
1;5;6;247;30;2;"[7,34]";"[9,52]";"[23,30]";"[31,30]";0.00;0.00
1;5;6;39;26;3;"[7,14,17]";"[9,28,34]";"[24,26,26]";"[26,26,26]";0.00;0.00
1;5;6;53;31;2;"[7,35]";"[9,83]";"[15,31]";"[31,31]";0.00;0.00
1;5;6;139;38;2;"[7,141]";"[8,235]";"[19,38]";"[38,38]";0.00;0.00
1;5;6;74;16;2;"[7,13]";"[10,28]";"[13,16]";"[16,16]";0.00;0.00
1;5;6;221;44;2;"[7,119]";"[9,235]";"[17,44]";"[49,44]";0.00;0.00
1;5;6;748;51;2;"[7,541]";"[9,1308]";"[21,51]";"[51,51]";1.00;1.00
1;5;6;19;23;2;"[7,18]";"[8,34]";"[13,23]";"[24,23]";0.00;0.00
1;5;6;34;27;2;"[7,27]";"[10,56]";"[17,27]";"[27,27]";0.00;0.00
1;5;6;178;28;2;"[7,136]";"[9,260]";"[9,28]";"[30,28]";0.00;0.00
1;5;6;159;31;2;"[7,63]";"[10,173]";"[20,31]";"[31,31]";0.00;0.00
1;5;6;41;22;2;"[7,17]";"[9,51]";"[10,22]";"[22,22]";0.00;0.00
1;5;6;521;27;2;"[7,63]";"[10,206]";"[15,27]";"[27,27]";0.00;0.00
1;5;6;50;23;2;"[7,18]";"[9,32]";"[9,23]";"[23,23]";0.00;0.00
1;5;6;28;35;2;"[7,25]";"[9,63]";"[23,35]";"[35,35]";0.00;0.00
1;5;6;41;15;2;"[7,21]";"[9,42]";"[9,15]";"[17,15]";0.00;0.00
1;5;6;79;40;2;"[7,42]";"[8,89]";"[25,40]";"[40,40]";0.00;0.00
1;5;6;436;32;2;"[7,334]";"[9,672]";"[17,32]";"[32,32]";0.00;0.00
1;5;6;23;16;2;"[7,20]";"[9,38]";"[9,16]";"[18,16]";0.00;0.00
1;5;6;137;38;2;"[7,51]";"[9,124]";"[16,38]";"[38,38]";0.00;0.00
1;5;6;44;19;2;"[7,33]";"[9,65]";"[12,19]";"[19,19]";0.00;0.00
1;5;6;361;44;2;"[7,304]";"[9,531]";"[10,44]";"[45,44]";0.00;0.00
1;5;6;97;28;2;"[7,64]";"[9,119]";"[14,28]";"[28,28]";0.00;0.00
1;5;6;257;38;2;"[7,190]";"[9,391]";"[20,38]";"[38,38]";0.00;0.00
1;5;6;79;24;2;"[7,47]";"[9,104]";"[17,24]";"[24,24]";0.00;0.00
1;5;6;359;38;2;"[7,361]";"[8,615]";"[14,38]";"[38,38]";0.00;0.00
1;5;6;452;35;2;"[7,73]";"[9,230]";"[17,35]";"[35,35]";0.00;0.00
1;5;6;193;44;2;"[7,166]";"[9,404]";"[20,44]";"[44,44]";0.00;0.00
1;5;6;1459;55;2;"[7,1210]";"[9,2352]";"[19,55]";"[56,55]";6.00;2.00
1;5;6;185;36;2;"[7,160]";"[9,286]";"[21,36]";"[37,36]";0.00;0.00
1;10;18;3188;59;2;"[12,894]";"[23,2781]";"[33,59]";"[59,59]";2.00;2.00
1;10;18;8074;56;2;"[12,701]";"[23,1893]";"[17,56]";"[58,56]";1.00;1.00
1;10;18;579;22;2;"[12,100]";"[24,354]";"[8,22]";"[23,22]";0.00;0.00
1;10;18;1341;54;2;"[12,91]";"[23,335]";"[26,54]";"[55,54]";0.00;0.00
1;10;18;309;53;2;"[12,141]";"[22,366]";"[20,53]";"[54,53]";0.00;0.00
1;10;18;499;44;2;"[12,161]";"[22,442]";"[23,44]";"[45,44]";0.00;0.00
1;10;18;241;42;2;"[12,74]";"[22,249]";"[18,42]";"[42,42]";0.00;0.00
1;10;18;153;46;2;"[12,62]";"[23,187]";"[28,46]";"[47,46]";0.00;0.00
1;10;18;639;61;3;"[12,242,526]";"[21,552,1154]";"[21,60,61]";"[66,64,61]";1.00;1.00
1;10;18;1963;51;2;"[12,1308]";"[23,3353]";"[23,51]";"[56,51]";5.00;3.00
1;10;18;6436;61;2;"[12,480]";"[21,1679]";"[21,61]";"[63,61]";1.00;1.00
1;10;18;1450;35;2;"[12,109]";"[24,246]";"[18,35]";"[35,35]";0.00;0.00
1;10;18;153;45;2;"[12,35]";"[25,120]";"[22,45]";"[45,45]";0.00;0.00
1;10;18;6187;37;2;"[12,27]";"[24,82]";"[27,37]";"[37,37]";0.00;0.00
1;10;18;2822;63;2;"[12,1462]";"[21,3387]";"[23,63]";"[66,63]";7.00;3.00
1;10;18;893;68;2;"[12,646]";"[22,1411]";"[39,68]";"[68,68]";1.00;2.00
1;10;18;439;46;3;"[12,164,189]";"[22,543,582]";"[33,46,46]";"[46,46,46]";0.00;0.00
1;10;18;2054;69;2;"[12,398]";"[25,1320]";"[29,69]";"[70,69]";1.00;1.00
1;10;18;1222;46;3;"[12,80,351]";"[22,248,955]";"[34,42,46]";"[48,46,46]";0.00;0.00
1;10;18;3578;28;2;"[12,71]";"[25,176]";"[16,28]";"[28,28]";0.00;0.00
1;10;18;1454;54;2;"[12,755]";"[24,2609]";"[24,54]";"[54,54]";2.00;2.00
1;10;18;3461;42;2;"[12,151]";"[24,550]";"[26,42]";"[43,42]";0.00;0.00
1;10;18;7717;63;2;"[12,427]";"[23,1184]";"[19,63]";"[64,63]";0.00;0.00
1;10;18;1306;42;2;"[12,118]";"[22,593]";"[25,42]";"[42,42]";0.00;0.00
1;10;18;1339;50;3;"[12,314,744]";"[21,1019,1739]";"[18,50,50]";"[51,51,50]";2.00;1.00
1;10;18;775;57;2;"[12,320]";"[24,1003]";"[24,57]";"[60,57]";0.00;1.00
1;10;18;480;34;2;"[12,54]";"[25,199]";"[25,34]";"[34,34]";0.00;0.00
1;10;18;3995;55;2;"[12,521]";"[22,1862]";"[18,55]";"[59,55]";1.00;1.00
1;10;18;1859;46;2;"[12,329]";"[23,749]";"[26,46]";"[47,46]";0.00;0.00
1;10;18;752;48;2;"[12,54]";"[21,152]";"[28,48]";"[48,48]";0.00;0.00
1;10;18;1213;18;1;"[12]";"[25]";"[18]";"[18]";0.00;0.00
1;10;18;8137;39;2;"[12,200]";"[23,720]";"[24,39]";"[39,39]";0.00;0.00
1;10;18;2612;52;2;"[12,49]";"[23,139]";"[36,52]";"[53,52]";0.00;0.00
1;10;18;335;29;2;"[12,38]";"[25,119]";"[22,29]";"[29,29]";0.00;0.00
1;10;18;769;37;2;"[12,181]";"[25,550]";"[19,37]";"[37,37]";0.00;0.00
1;10;18;2554;55;2;"[12,1195]";"[22,2940]";"[19,55]";"[56,55]";2.00;2.00
1;10;18;5687;63;2;"[12,589]";"[22,1515]";"[26,63]";"[63,63]";1.00;1.00
1;10;18;703;31;3;"[12,16,110]";"[22,39,236]";"[15,31,31]";"[34,33,31]";0.00;0.00
1;10;18;2164;43;3;"[12,1100,1519]";"[23,3871,4326]";"[22,43,43]";"[43,43,43]";12.00;7.00
1;10;18;701;39;2;"[12,166]";"[24,432]";"[21,39]";"[45,39]";0.00;1.00
1;10;18;912;34;2;"[12,171]";"[23,510]";"[13,34]";"[37,34]";0.00;0.00
1;10;18;4121;30;3;"[12,67,73]";"[23,248,257]";"[20,28,30]";"[30,30,30]";0.00;0.00
1;10;18;2347;46;2;"[12,320]";"[22,1475]";"[23,46]";"[51,46]";0.00;0.00
1;10;18;5456;81;2;"[12,559]";"[22,2346]";"[31,81]";"[90,81]";1.00;1.00
1;10;18;2969;52;2;"[12,1715]";"[24,4754]";"[25,52]";"[53,52]";7.00;4.00
1;10;18;1784;47;2;"[12,608]";"[23,1794]";"[17,47]";"[48,47]";1.00;2.00
1;10;18;3631;49;2;"[12,379]";"[22,1074]";"[19,49]";"[49,49]";0.00;1.00
1;10;18;2501;61;2;"[12,108]";"[24,328]";"[41,61]";"[62,61]";0.00;0.00
1;10;18;3893;44;2;"[12,80]";"[22,171]";"[24,44]";"[47,44]";0.00;0.00
1;10;18;237;37;2;"[12,16]";"[25,38]";"[27,37]";"[37,37]";0.00;0.00
1;10;22;3188;59;2;"[12,894]";"[27,3542]";"[33,59]";"[59,59]";3.00;2.00
1;10;22;8074;63;2;"[12,952]";"[26,2893]";"[20,63]";"[65,63]";3.00;2.00
1;10;22;579;22;3;"[12,100,288]";"[27,380,1060]";"[8,22,16]";"[23,22,22]";0.00;1.00
1;10;22;1341;56;2;"[12,115]";"[26,400]";"[28,56]";"[56,56]";0.00;0.00
1;10;22;309;53;2;"[12,200]";"[26,609]";"[20,53]";"[59,53]";0.00;0.00
1;10;22;499;59;2;"[12,170]";"[26,584]";"[23,59]";"[61,59]";0.00;0.00
1;10;22;241;42;2;"[12,74]";"[26,329]";"[18,42]";"[42,42]";0.00;0.00
1;10;22;153;53;2;"[12,30]";"[27,100]";"[28,53]";"[58,53]";0.00;0.00
1;10;22;639;61;3;"[12,242,526]";"[25,670,1363]";"[21,60,61]";"[66,64,61]";1.00;1.00
1;10;22;1963;51;2;"[12,1727]";"[26,4566]";"[23,51]";"[58,51]";8.00;4.00
1;10;22;6436;69;2;"[12,4929]";"[25,21855]";"[21,69]";"[70,69]";75.00;31.00
1;10;22;1450;44;3;"[12,345,745]";"[27,964,2096]";"[18,44,44]";"[44,44,44]";2.00;14.00
1;10;22;153;45;2;"[12,35]";"[28,130]";"[22,45]";"[45,45]";0.00;0.00
1;10;22;6187;55;2;"[12,548]";"[27,2053]";"[27,55]";"[55,55]";1.00;2.00
1;10;22;2822;65;3;"[12,1399,1985]";"[24,4030,4944]";"[34,65,65]";"[70,66,65]";17.00;11.00
1;10;22;893;68;2;"[12,646]";"[26,1663]";"[39,68]";"[68,68]";1.00;4.00
1;10;22;439;54;2;"[12,178]";"[25,682]";"[33,54]";"[54,54]";0.00;1.00
1;10;22;2054;69;2;"[12,398]";"[29,1614]";"[29,69]";"[70,69]";1.00;1.00
1;10;22;1222;49;3;"[12,99,530]";"[25,331,1422]";"[34,45,49]";"[51,49,49]";1.00;1.00
1;10;22;3578;32;2;"[12,139]";"[27,725]";"[16,32]";"[32,32]";0.00;0.00
1;10;22;1454;66;2;"[12,824]";"[27,3525]";"[24,66]";"[70,66]";3.00;3.00
1;10;22;3461;46;2;"[12,210]";"[26,777]";"[26,46]";"[47,46]";0.00;1.00
1;10;22;7717;73;2;"[12,695]";"[25,1946]";"[19,73]";"[74,73]";2.00;1.00
1;10;22;1306;52;2;"[12,158]";"[25,763]";"[25,52]";"[52,52]";0.00;1.00
1;10;22;1339;50;2;"[12,673]";"[25,2043]";"[18,50]";"[53,50]";2.00;1.00
1;10;22;775;57;2;"[12,320]";"[25,1136]";"[24,57]";"[60,57]";0.00;1.00
1;10;22;480;49;2;"[12,394]";"[26,1443]";"[25,49]";"[50,49]";1.00;1.00
1;10;22;3995;55;2;"[12,521]";"[26,2135]";"[18,55]";"[59,55]";2.00;1.00
1;10;22;1859;48;2;"[12,391]";"[26,905]";"[26,48]";"[50,48]";0.00;1.00
1;10;22;752;54;2;"[12,493]";"[24,1447]";"[28,54]";"[54,54]";1.00;1.00
1;10;22;1213;29;2;"[12,51]";"[28,235]";"[20,29]";"[29,29]";0.00;0.00
1;10;22;8137;53;2;"[12,1398]";"[27,3880]";"[25,53]";"[53,53]";7.00;3.00
1;10;22;2612;67;2;"[12,409]";"[27,1404]";"[36,67]";"[72,67]";1.00;2.00
1;10;22;335;33;2;"[12,45]";"[28,165]";"[22,33]";"[34,33]";0.00;0.00
1;10;22;769;48;2;"[12,219]";"[29,884]";"[33,48]";"[48,48]";0.00;1.00
1;10;22;2554;55;2;"[12,1195]";"[26,3304]";"[19,55]";"[56,55]";4.00;3.00
1;10;22;5687;63;2;"[12,589]";"[25,1706]";"[27,63]";"[63,63]";1.00;2.00
1;10;22;703;35;3;"[12,206,247]";"[26,449,632]";"[15,34,20]";"[37,35,35]";0.00;1.00
1;10;22;2164;46;2;"[12,313]";"[26,1209]";"[23,46]";"[48,46]";0.00;1.00
1;10;22;701;39;2;"[12,166]";"[28,531]";"[21,39]";"[45,39]";0.00;0.00
1;10;22;912;44;2;"[12,212]";"[26,821]";"[15,44]";"[47,44]";0.00;0.00
1;10;22;4121;46;2;"[12,323]";"[26,1583]";"[26,46]";"[46,46]";0.00;1.00
1;10;22;2347;59;2;"[12,1743]";"[25,8580]";"[23,59]";"[60,59]";13.00;8.00
1;10;22;5456;91;2;"[12,4236]";"[26,17672]";"[36,91]";"[103,91]";48.00;22.00
1;10;22;2969;58;2;"[12,1015]";"[27,3175]";"[25,58]";"[59,58]";4.00;12.00
1;10;22;1784;54;2;"[12,677]";"[25,2128]";"[17,54]";"[63,54]";2.00;4.00
1;10;22;3631;55;2;"[12,423]";"[26,1302]";"[22,55]";"[55,55]";1.00;1.00
1;10;22;2501;61;2;"[12,108]";"[27,350]";"[41,61]";"[62,61]";0.00;0.00
1;10;22;3893;44;3;"[12,80,326]";"[26,255,1837]";"[24,44,30]";"[47,45,44]";1.00;1.00
1;10;22;237;49;2;"[12,17]";"[26,44]";"[27,49]";"[49,49]";0.00;0.00
1;10;30;3188;80;2;"[12,1387]";"[34,5282]";"[44,80]";"[82,80]";9.00;4.00
1;10;30;8074;72;2;"[12,1014]";"[33,4151]";"[27,72]";"[79,72]";5.00;5.00
1;10;30;579;38;2;"[12,403]";"[33,1629]";"[11,38]";"[41,38]";1.00;3.00
1;10;30;1341;76;2;"[12,239]";"[33,963]";"[28,76]";"[77,76]";0.00;1.00
1;10;30;309;53;2;"[12,190]";"[33,778]";"[20,53]";"[59,53]";0.00;0.00
1;10;30;499;80;2;"[12,466]";"[32,1714]";"[23,80]";"[82,80]";1.00;1.00
1;10;30;241;43;3;"[12,205,234]";"[33,852,906]";"[18,43,43]";"[44,43,43]";0.00;1.00
1;10;30;153;66;2;"[12,86]";"[35,363]";"[28,66]";"[71,66]";0.00;0.00
1;10;30;639;61;3;"[12,242,526]";"[33,855,1690]";"[21,60,61]";"[66,64,61]";1.00;1.00
1;10;30;1963;51;2;"[12,1727]";"[33,5692]";"[23,51]";"[58,51]";11.00;5.00
1;10;30;6436;85;2;"[12,6019]";"[33,26331]";"[24,85]";"[91,85]";145.00;41.00
1;10;30;1450;65;2;"[12,415]";"[34,1324]";"[28,65]";"[69,65]";1.00;17.00
1;10;30;153;51;2;"[12,63]";"[35,248]";"[22,51]";"[54,51]";0.00;0.00
1;10;30;6187;66;2;"[12,1054]";"[34,4880]";"[38,66]";"[66,66]";5.00;6.00
1;10;30;2822;65;4;"[12,1399,2238,2824]";"[32,5312,8957,9788]";"[34,65,65,65]";"[70,69,66,65]";54.00;36.00
1;10;30;893;88;2;"[12,791]";"[33,2392]";"[41,88]";"[90,88]";2.00;9.00
1;10;30;439;62;2;"[12,192]";"[32,856]";"[33,62]";"[62,62]";0.00;2.00
1;10;30;2054;79;2;"[12,1282]";"[34,5136]";"[29,79]";"[85,79]";8.00;6.00
1;10;30;1222;65;2;"[12,882]";"[33,3420]";"[34,65]";"[69,65]";3.00;4.00
1;10;30;3578;40;3;"[12,488,1315]";"[35,1881,5232]";"[16,40,40]";"[41,40,40]";8.00;7.00
1;10;30;1454;78;2;"[12,1227]";"[33,5002]";"[24,78]";"[86,78]";7.00;7.00
1;10;30;3461;64;2;"[12,2236]";"[33,9370]";"[32,64]";"[65,64]";21.00;11.00
1;10;30;7717;73;2;"[12,695]";"[33,2721]";"[19,73]";"[74,73]";3.00;7.00
1;10;30;1306;60;2;"[12,996]";"[32,5826]";"[25,60]";"[60,60]";6.00;5.00
1;10;30;1339;71;2;"[12,1341]";"[32,3856]";"[25,71]";"[77,71]";7.00;7.00
1;10;30;775;82;2;"[12,718]";"[32,2362]";"[32,82]";"[87,82]";2.00;4.00
1;10;30;480;54;2;"[12,24]";"[32,112]";"[39,54]";"[54,54]";0.00;0.00
1;10;30;3995;72;2;"[12,2487]";"[33,9894]";"[28,72]";"[76,72]";30.00;12.00
1;10;30;1859;54;2;"[12,432]";"[33,1299]";"[26,54]";"[58,54]";1.00;4.00
1;10;30;752;76;2;"[12,715]";"[32,2519]";"[28,76]";"[79,76]";3.00;3.00
1;10;30;1213;52;2;"[12,630]";"[33,3195]";"[29,52]";"[54,52]";2.00;3.00
1;10;30;8137;59;2;"[12,2971]";"[34,8222]";"[25,59]";"[60,59]";40.00;10.00
1;10;30;2612;67;2;"[12,409]";"[34,1801]";"[36,67]";"[72,67]";1.00;6.00
1;10;30;335;56;2;"[12,275]";"[33,924]";"[24,56]";"[59,56]";0.00;1.00
1;10;30;769;48;2;"[12,219]";"[36,1009]";"[33,48]";"[48,48]";0.00;0.00
1;10;30;2554;67;2;"[12,1299]";"[32,4456]";"[19,67]";"[68,67]";7.00;4.00
1;10;30;5687;76;2;"[12,3522]";"[32,12922]";"[27,76]";"[78,76]";42.00;17.00
1;10;30;703;56;2;"[12,140]";"[32,689]";"[15,56]";"[59,56]";0.00;6.00
1;10;30;2164;46;2;"[12,452]";"[34,2140]";"[24,46]";"[50,46]";1.00;2.00
1;10;30;701;68;2;"[12,498]";"[34,1968]";"[21,68]";"[71,68]";1.00;1.00
1;10;30;912;58;2;"[12,462]";"[33,2622]";"[23,58]";"[61,58]";2.00;2.00
1;10;30;4121;46;2;"[12,323]";"[33,2061]";"[26,46]";"[46,46]";1.00;1.00
1;10;30;2347;71;2;"[12,1847]";"[32,9748]";"[35,71]";"[72,71]";16.00;10.00
1;10;30;5456;118;2;"[12,5179]";"[33,28742]";"[36,118]";"[125,118]";110.00;40.00
1;10;30;2969;68;2;"[12,1854]";"[34,9094]";"[29,68]";"[69,68]";13.00;26.00
1;10;30;1784;78;2;"[12,739]";"[33,2714]";"[19,78]";"[82,78]";3.00;9.00
1;10;30;3631;74;2;"[12,3424]";"[32,11317]";"[26,74]";"[74,74]";47.00;19.00
1;10;30;2501;67;3;"[12,117,123]";"[34,417,429]";"[41,67,67]";"[75,67,67]";0.00;7.00
1;10;30;3893;57;3;"[12,177,954]";"[32,799,5138]";"[25,57,37]";"[61,58,57]";5.00;5.00
1;10;30;237;64;2;"[12,161]";"[33,614]";"[27,64]";"[68,64]";0.00;2.00
1;15;42;1583;93;3;"[17,1321,1392]";"[45,5063,5232]";"[23,89,93]";"[96,93,93]";15.00;10.00
1;15;42;911;55;3;"[17,542,618]";"[46,2454,2649]";"[22,55,55]";"[57,56,55]";3.00;3.00
1;15;42;1345;62;3;"[17,66,661]";"[48,271,2636]";"[26,61,62]";"[70,63,62]";2.00;2.00
1;15;42;937;61;2;"[17,134]";"[48,493]";"[31,61]";"[66,61]";0.00;0.00
1;15;42;8153;58;2;"[17,652]";"[48,2522]";"[27,58]";"[61,58]";1.00;1.00
1;15;42;11623;65;3;"[17,1147,3731]";"[45,5065,23728]";"[29,65,65]";"[71,66,65]";60.00;34.00
1;15;42;5636;71;2;"[17,916]";"[49,3136]";"[23,71]";"[76,71]";3.00;2.00
1;15;42;601;46;3;"[17,224,229]";"[45,724,745]";"[28,46,46]";"[49,46,46]";0.00;0.00
1;15;42;8867;73;2;"[17,1092]";"[46,5295]";"[30,73]";"[80,73]";5.00;4.00
1;15;42;13138;63;3;"[17,887,2152]";"[46,4484,11631]";"[32,63,63]";"[71,66,63]";24.00;14.00
1;15;42;1838;79;2;"[17,789]";"[47,3165]";"[41,79]";"[82,79]";2.00;2.00
1;15;42;4733;72;2;"[17,1733]";"[48,7978]";"[21,72]";"[75,72]";11.00;6.00
1;15;42;3503;85;2;"[17,1233]";"[50,5586]";"[26,85]";"[92,85]";7.00;4.00
1;15;42;1688;63;3;"[17,438,1139]";"[48,1978,4504]";"[31,63,63]";"[69,67,63]";7.00;4.00
1;15;42;5293;57;2;"[17,328]";"[46,1569]";"[21,57]";"[59,57]";0.00;1.00
1;15;42;2649;72;3;"[17,709,788]";"[48,3738,4198]";"[37,72,72]";"[76,72,72]";5.00;5.00
1;15;42;10327;85;2;"[17,7304]";"[48,31585]";"[33,85]";"[89,85]";130.00;47.00
1;15;42;9785;67;3;"[17,810,1508]";"[47,3605,5990]";"[32,65,67]";"[69,68,67]";10.00;8.00
1;15;42;1775;79;2;"[17,319]";"[47,1355]";"[30,79]";"[86,79]";0.00;1.00
1;15;42;11129;72;2;"[17,4689]";"[46,17460]";"[31,72]";"[75,72]";50.00;21.00
1;15;42;1510;80;2;"[17,951]";"[46,3919]";"[34,80]";"[85,80]";4.00;3.00
1;15;42;4086;53;2;"[17,245]";"[47,1004]";"[29,53]";"[54,53]";0.00;0.00
1;15;42;12617;65;5;"[17,1181,3616,3741,3803]";"[47,5719,22876,23781,23905]";"[26,63,54,54,54]";"[70,69,69,65,65]";129.00;111.00
1;15;42;11822;68;2;"[17,777]";"[49,4255]";"[24,68]";"[70,68]";4.00;3.00
1;15;42;8669;88;2;"[17,4687]";"[49,24652]";"[37,88]";"[90,88]";97.00;32.00
1;15;42;3317;59;2;"[17,285]";"[48,1319]";"[41,59]";"[59,59]";0.00;1.00
1;15;42;10384;64;3;"[17,2158,4493]";"[47,8047,16506]";"[29,60,64]";"[67,64,64]";80.00;28.00
1;15;42;10516;68;2;"[17,3947]";"[50,17581]";"[25,68]";"[69,68]";60.00;20.00
1;15;42;1531;45;2;"[17,314]";"[49,985]";"[19,45]";"[45,45]";0.00;0.00
1;15;42;1186;85;2;"[17,362]";"[49,1690]";"[32,85]";"[88,85]";1.00;1.00
1;15;42;14321;76;2;"[17,4647]";"[47,14618]";"[25,76]";"[79,76]";48.00;17.00
1;15;42;8991;69;2;"[17,253]";"[46,953]";"[29,69]";"[75,69]";0.00;0.00
1;15;42;918;73;3;"[17,337,455]";"[47,1209,1696]";"[19,69,73]";"[76,73,73]";1.00;1.00
1;15;42;3606;60;2;"[17,261]";"[47,1288]";"[23,60]";"[64,60]";0.00;0.00
1;15;42;2944;52;3;"[17,241,323]";"[49,1125,1603]";"[27,52,52]";"[54,53,52]";0.00;1.00
1;15;42;3175;88;3;"[17,329,538]";"[46,1242,1962]";"[27,88,88]";"[94,89,88]";1.00;1.00
1;15;42;9719;82;2;"[17,351]";"[46,1407]";"[46,82]";"[85,82]";0.00;1.00
1;15;42;3180;97;2;"[17,399]";"[45,1484]";"[31,97]";"[101,97]";1.00;1.00
1;15;42;11882;102;3;"[17,822,5830]";"[48,4279,30195]";"[41,97,102]";"[107,102,102]";118.00;46.00
1;15;42;4454;65;3;"[17,547,768]";"[46,2436,3079]";"[29,65,65]";"[71,68,65]";3.00;3.00
1;15;42;5395;70;2;"[17,137]";"[47,608]";"[29,70]";"[71,70]";0.00;0.00
1;15;42;9320;75;2;"[17,942]";"[45,4159]";"[37,75]";"[78,75]";3.00;3.00
1;15;42;3754;59;2;"[17,85]";"[49,372]";"[34,59]";"[61,59]";0.00;0.00
1;15;42;14206;65;2;"[17,450]";"[47,1604]";"[27,65]";"[69,65]";1.00;1.00
1;15;42;1259;61;3;"[17,645,723]";"[48,2458,2692]";"[38,60,61]";"[65,61,61]";4.00;3.00
1;15;42;3397;55;2;"[17,664]";"[47,3108]";"[21,55]";"[55,55]";2.00;2.00
1;15;42;11602;73;2;"[17,173]";"[46,802]";"[18,73]";"[76,73]";0.00;0.00
1;15;42;7643;82;2;"[17,696]";"[47,3327]";"[36,82]";"[87,82]";2.00;2.00
1;15;42;2095;55;3;"[17,380,510]";"[46,1320,1643]";"[17,55,55]";"[55,55,55]";2.00;2.00
1;15;42;12242;60;4;"[17,58,552,1259]";"[48,295,2214,7649]";"[27,55,55,48]";"[62,61,60,60]";7.00;6.00
1;15;52;1583;93;3;"[17,1321,1392]";"[55,5886,6055]";"[27,89,93]";"[96,93,93]";17.00;12.00
1;15;52;911;67;3;"[17,365,394]";"[56,1777,1893]";"[34,67,67]";"[70,69,67]";2.00;2.00
1;15;52;1345;62;4;"[17,66,96,691]";"[57,344,447,3257]";"[41,61,61,62]";"[70,65,63,62]";2.00;2.00
1;15;52;937;78;4;"[17,397,468,527]";"[57,1994,2432,2467]";"[31,77,78,78]";"[85,78,78,78]";3.00;5.00
1;15;52;8153;68;3;"[17,335,370]";"[56,1568,1735]";"[27,62,68]";"[70,68,68]";1.00;2.00
1;15;52;11623;79;3;"[17,1266,1310]";"[54,6742,6791]";"[32,77,79]";"[83,81,79]";16.00;12.00
1;15;52;5636;72;3;"[17,1125,3414]";"[56,5212,15183]";"[23,71,72]";"[78,72,72]";58.00;23.00
1;15;52;601;46;3;"[17,224,229]";"[55,856,882]";"[28,46,46]";"[49,46,46]";0.00;0.00
1;15;52;8867;73;2;"[17,1092]";"[56,6515]";"[30,73]";"[80,73]";7.00;4.00
1;15;52;13138;75;2;"[17,1153]";"[56,5702]";"[43,75]";"[83,75]";7.00;4.00
1;15;52;1838;97;2;"[17,969]";"[56,4230]";"[60,97]";"[99,97]";4.00;3.00
1;15;52;4733;86;2;"[17,2990]";"[57,16371]";"[32,86]";"[91,86]";38.00;17.00
1;15;52;3503;85;2;"[17,1233]";"[60,7089]";"[26,85]";"[92,85]";9.00;5.00
1;15;52;1688;63;3;"[17,438,1139]";"[56,2609,5329]";"[31,63,63]";"[69,67,63]";8.00;5.00
1;15;52;5293;57;3;"[17,398,1288]";"[56,1872,9032]";"[21,55,31]";"[59,59,57]";11.00;8.00
1;15;52;2649;93;2;"[17,251]";"[56,1278]";"[43,93]";"[100,93]";0.00;0.00
1;15;52;10327;85;3;"[17,7304,7933]";"[57,35978,37595]";"[38,85,85]";"[89,87,85]";348.00;131.00
1;15;52;9785;67;4;"[17,1649,3134,3832]";"[57,7632,18142,20607]";"[32,65,48,48]";"[70,68,68,67]";99.00;56.00
1;15;52;1775;89;3;"[17,353,701]";"[56,1723,3576]";"[30,89,54]";"[96,94,89]";4.00;4.00
1;15;52;11129;89;3;"[17,5467,5970]";"[55,23246,24000]";"[39,87,89]";"[93,89,89]";193.00;75.00
1;15;52;1510;88;2;"[17,1040]";"[56,5168]";"[34,88]";"[92,88]";5.00;4.00
1;15;52;4086;62;3;"[17,620,2573]";"[55,2944,13300]";"[29,57,62]";"[66,62,62]";26.00;17.00
1;15;52;12617;81;2;"[17,5277]";"[56,27822]";"[26,81]";"[83,81]";64.00;33.00
1;15;52;11822;85;4;"[17,2757,4375,4419]";"[57,15343,26082,26249]";"[28,79,85,85]";"[88,85,85,85]";217.00;99.00
1;15;52;8669;88;2;"[17,4687]";"[57,27837]";"[37,88]";"[90,88]";101.00;36.00
1;15;52;3317;59;2;"[17,285]";"[57,1476]";"[41,59]";"[59,59]";0.00;1.00
1;15;52;10384;72;3;"[17,440,897]";"[57,1999,3920]";"[29,70,72]";"[78,72,72]";5.00;4.00
1;15;52;10516;71;2;"[17,1488]";"[57,7664]";"[32,71]";"[73,71]";10.00;6.00
1;15;52;1531;63;2;"[17,356]";"[56,1586]";"[26,63]";"[71,63]";1.00;1.00
1;15;52;1186;85;3;"[17,475,510]";"[56,2569,2674]";"[33,85,85]";"[90,85,85]";2.00;3.00
1;15;52;14321;94;2;"[17,5425]";"[56,18787]";"[25,94]";"[101,94]";63.00;25.00
1;15;52;8991;115;2;"[17,5567]";"[56,25816]";"[37,115]";"[123,115]";98.00;37.00
1;15;52;918;91;3;"[17,533,741]";"[55,2287,2715]";"[19,91,91]";"[107,97,91]";3.00;4.00
1;15;52;3606;75;2;"[17,1739]";"[55,11946]";"[23,75]";"[80,75]";15.00;10.00
1;15;52;2944;68;2;"[17,539]";"[57,2751]";"[28,68]";"[75,68]";2.00;2.00
1;15;52;3175;93;3;"[17,382,591]";"[56,1755,2574]";"[27,93,93]";"[99,94,93]";3.00;3.00
1;15;52;9719;95;2;"[17,2756]";"[55,14582]";"[46,95]";"[98,95]";28.00;15.00
1;15;52;3180;97;2;"[17,399]";"[55,1682]";"[31,97]";"[101,97]";1.00;1.00
1;15;52;11882;102;3;"[17,822,5830]";"[58,5525,38647]";"[43,97,102]";"[107,102,102]";150.00;62.00
1;15;52;4454;65;3;"[17,547,768]";"[56,2909,3579]";"[29,65,65]";"[71,68,65]";3.00;5.00
1;15;52;5395;70;3;"[17,255,298]";"[56,1288,1607]";"[29,67,70]";"[72,70,70]";0.00;1.00
1;15;52;9320;101;2;"[17,4623]";"[55,22006]";"[42,101]";"[107,101]";66.00;30.00
1;15;52;3754;89;2;"[17,644]";"[57,2714]";"[34,89]";"[95,89]";2.00;2.00
1;15;52;14206;75;2;"[17,1467]";"[56,6077]";"[27,75]";"[87,75]";7.00;4.00
1;15;52;1259;68;3;"[17,696,1112]";"[56,3724,4622]";"[38,68,68]";"[72,68,68]";8.00;6.00
1;15;52;3397;59;4;"[17,887,1054,1137]";"[56,4962,5346,5616]";"[23,58,58,59]";"[66,61,59,59]";16.00;15.00
1;15;52;11602;79;2;"[17,1292]";"[56,6879]";"[18,79]";"[87,79]";9.00;6.00
1;15;52;7643;115;2;"[17,3280]";"[56,19645]";"[36,115]";"[128,115]";52.00;23.00
1;15;52;2095;64;2;"[17,303]";"[56,1517]";"[19,64]";"[70,64]";0.00;1.00
1;15;52;12242;73;2;"[17,421]";"[57,2599]";"[40,73]";"[73,73]";1.00;1.00
1;15;70;1583;107;2;"[17,1491]";"[72,8123]";"[38,107]";"[114,107]";11.00;7.00
1;15;70;911;79;2;"[17,453]";"[73,2782]";"[37,79]";"[85,79]";2.00;2.00
1;15;70;1345;94;4;"[17,320,707,776]";"[74,2053,4555,4805]";"[50,94,94,94]";"[103,101,94,94]";9.00;9.00
1;15;70;937;94;3;"[17,482,651]";"[74,3020,4007]";"[39,92,94]";"[98,95,94]";5.00;5.00
1;15;70;8153;104;3;"[17,6118,6297]";"[72,28959,29317]";"[41,104,104]";"[110,106,104]";313.00;109.00
1;15;70;11623;113;4;"[17,1939,2106,6083]";"[72,12856,13420,39660]";"[36,113,113,113]";"[120,115,115,113]";218.00;94.00
1;15;70;5636;95;2;"[17,2511]";"[73,16153]";"[24,95]";"[106,95]";32.00;17.00
1;15;70;601;51;4;"[17,235,481,495]";"[73,1251,2479,2516]";"[32,51,50,50]";"[56,53,53,51]";3.00;4.00
1;15;70;8867;107;3;"[17,5844,6473]";"[73,28627,30909]";"[30,107,107]";"[116,112,107]";271.00;101.00
1;15;70;13138;106;2;"[17,1719]";"[73,10897]";"[43,106]";"[107,106]";17.00;11.00
1;15;70;1838;112;2;"[17,1282]";"[72,7624]";"[63,112]";"[116,112]";9.00;6.00
1;15;70;4733;86;2;"[17,2990]";"[74,21711]";"[33,86]";"[91,86]";47.00;24.00
1;15;70;3503;117;3;"[17,2552,2803]";"[73,15653,16281]";"[43,117,117]";"[126,122,117]";66.00;45.00
1;15;70;1688;106;3;"[17,1124,1213]";"[74,6594,6876]";"[47,106,106]";"[122,106,106]";17.00;12.00
1;15;70;5293;77;3;"[17,5052,5072]";"[72,23886,23886]";"[29,77,77]";"[85,77,77]";225.00;85.00
1;15;70;2649;93;2;"[17,251]";"[73,1581]";"[53,93]";"[100,93]";1.00;1.00
1;15;70;10327;97;2;"[17,8772]";"[74,50966]";"[38,97]";"[98,97]";271.00;75.00
1;15;70;9785;101;2;"[17,8730]";"[73,37441]";"[32,101]";"[109,101]";258.00;59.00
1;15;70;1775;99;3;"[17,189,878]";"[72,1020,5827]";"[39,99,99]";"[108,102,99]";5.00;4.00
1;15;70;11129;99;2;"[17,8489]";"[72,42291]";"[39,99]";"[105,99]";279.00;63.00
1;15;70;1510;117;3;"[17,1034,1393]";"[73,5538,7448]";"[34,117,117]";"[124,120,117]";16.00;13.00
1;15;70;4086;86;2;"[17,1923]";"[72,13243]";"[40,86]";"[92,86]";16.00;12.00
1;15;70;12617;81;3;"[17,6116,7375]";"[73,40999,46277]";"[26,81,81]";"[88,84,81]";357.00;139.00
1;15;70;11822;100;4;"[17,4435,6053,6097]";"[73,25259,36401,36524]";"[32,94,100,100]";"[105,102,102,100]";425.00;171.00
1;15;70;8669;114;2;"[17,5735]";"[72,32224]";"[41,114]";"[115,114]";116.00;46.00
1;15;70;3317;65;2;"[17,841]";"[75,4416]";"[41,65]";"[68,65]";4.00;3.00
1;15;70;10384;102;2;"[17,4889]";"[74,28285]";"[37,102]";"[106,102]";100.00;36.00
1;15;70;10516;103;2;"[17,5962]";"[74,35925]";"[44,103]";"[111,103]";137.00;51.00
1;15;70;1531;93;2;"[17,1015]";"[73,6272]";"[29,93]";"[103,93]";7.00;5.00
1;15;70;1186;113;2;"[17,688]";"[72,4164]";"[39,113]";"[123,113]";3.00;3.00
1;15;70;14321;100;2;"[17,7943]";"[73,35534]";"[35,100]";"[107,100]";190.00;52.00
1;15;70;8991;135;2;"[17,7105]";"[73,42042]";"[37,135]";"[142,135]";197.00;61.00
1;15;70;918;100;2;"[17,593]";"[73,3159]";"[25,100]";"[110,100]";2.00;2.00
1;15;70;3606;103;3;"[17,2352,2980]";"[73,18308,20291]";"[34,103,103]";"[109,103,103]";83.00;58.00
1;15;70;2944;92;3;"[17,1949,2004]";"[74,11637,12003]";"[39,92,92]";"[100,95,92]";45.00;27.00
1;15;70;3175;113;2;"[17,1794]";"[73,9926]";"[36,113]";"[125,113]";15.00;8.00
1;15;70;9719;111;4;"[17,6294,8813,9092]";"[73,35248,45171,45478]";"[46,111,111,111]";"[116,113,111,111]";778.00;260.00
1;15;70;3180;97;2;"[17,399]";"[73,2417]";"[48,97]";"[101,97]";1.00;1.00
1;15;70;11882;134;2;"[17,1157]";"[73,8943]";"[61,134]";"[141,134]";7.00;7.00
1;15;70;4454;75;3;"[17,633,850]";"[73,4479,5217]";"[30,75,75]";"[82,76,75]";8.00;9.00
1;15;70;5395;89;2;"[17,1980]";"[73,11915]";"[33,89]";"[92,89]";17.00;10.00
1;15;70;9320;115;2;"[17,7645]";"[73,37585]";"[50,115]";"[118,115]";235.00;60.00
1;15;70;3754;134;2;"[17,2331]";"[73,11456]";"[56,134]";"[146,134]";24.00;12.00
1;15;70;14206;98;3;"[17,9697,9801]";"[72,46751,47043]";"[35,98,98]";"[112,102,98]";677.00;185.00
1;15;70;1259;75;2;"[17,810]";"[73,4540]";"[43,75]";"[83,75]";4.00;3.00
1;15;70;3397;84;3;"[17,1975,2645]";"[72,13331,15057]";"[23,84,84]";"[89,85,84]";49.00;37.00
1;15;70;11602;84;2;"[17,1411]";"[73,8930]";"[25,84]";"[92,84]";11.00;7.00
1;15;70;7643;142;2;"[17,7080]";"[72,43254]";"[43,142]";"[159,142]";158.00;63.00
1;15;70;2095;81;2;"[17,1291]";"[73,6606]";"[27,81]";"[88,81]";9.00;5.00
1;15;70;12242;92;3;"[17,5520,8318]";"[74,34616,42379]";"[40,92,92]";"[94,94,92]";326.00;133.00
1;20;76;15991;99;4;"[22,1044,1235,1642]";"[80,7578,8914,10222]";"[48,97,97,99]";"[108,100,100,99]";28.00;26.00
1;20;76;7358;80;3;"[22,2140,2391]";"[81,16071,17008]";"[39,80,80]";"[84,81,80]";48.00;42.00
1;20;76;5356;83;2;"[22,3245]";"[81,15194]";"[35,83]";"[87,83]";35.00;18.00
1;20;76;14687;100;3;"[22,1551,1954]";"[82,12931,15856]";"[39,96,100]";"[103,100,100]";27.00;29.00
1;20;76;15388;61;3;"[22,440,1231]";"[82,2898,7296]";"[32,61,56]";"[66,62,61]";8.00;8.00
1;20;76;2395;109;2;"[22,1044]";"[80,5494]";"[52,109]";"[114,109]";5.00;4.00
1;20;76;5979;88;2;"[22,2938]";"[81,16948]";"[26,88]";"[89,88]";32.00;18.00
1;20;76;10075;105;2;"[22,3656]";"[81,21928]";"[40,105]";"[109,105]";41.00;25.00
1;20;76;2340;78;2;"[22,608]";"[82,4337]";"[47,78]";"[78,78]";3.00;3.00
1;20;76;7457;101;2;"[22,1981]";"[79,13662]";"[27,101]";"[107,101]";14.00;12.00
1;20;76;3720;83;3;"[22,287,1593]";"[81,1432,7813]";"[34,83,78]";"[85,84,83]";9.00;10.00
1;20;76;14667;96;2;"[22,5279]";"[81,34533]";"[35,96]";"[98,96]";104.00;45.00
1;20;76;11727;105;2;"[22,886]";"[82,5517]";"[31,105]";"[114,105]";5.00;4.00
1;20;76;4544;118;2;"[22,367]";"[79,1656]";"[60,118]";"[132,118]";1.00;1.00
1;20;76;15567;87;3;"[22,451,540]";"[80,3175,3679]";"[30,87,87]";"[94,88,87]";3.00;4.00
1;20;76;2491;125;2;"[22,1008]";"[80,6722]";"[33,125]";"[132,125]";5.00;5.00
1;20;76;21219;56;2;"[22,1019]";"[81,5765]";"[28,56]";"[59,56]";5.00;4.00
1;20;76;16739;108;2;"[22,6731]";"[81,34261]";"[47,108]";"[116,108]";137.00;51.00
1;20;76;14457;101;2;"[22,1073]";"[80,6139]";"[32,101]";"[110,101]";6.00;5.00
1;20;76;14888;107;2;"[22,3516]";"[81,23834]";"[56,107]";"[109,107]";47.00;28.00
1;20;76;19525;83;3;"[22,4126,4454]";"[80,22774,22983]";"[26,82,83]";"[90,83,83]";113.00;70.00
1;20;76;14380;92;4;"[22,3933,5307,6007]";"[82,22098,27446,30666]";"[44,85,85,92]";"[97,94,92,92]";203.00;139.00
1;20;76;14520;78;2;"[22,5925]";"[80,39003]";"[35,78]";"[80,78]";81.00;52.00
1;20;76;2303;105;2;"[22,727]";"[80,4028]";"[35,105]";"[113,105]";3.00;3.00
1;20;76;1720;98;3;"[22,354,377]";"[80,1774,1829]";"[33,98,98]";"[109,103,98]";2.00;2.00
1;20;76;19101;92;2;"[22,4381]";"[81,27718]";"[35,92]";"[98,92]";54.00;33.00
1;20;76;13905;110;2;"[22,9182]";"[81,51901]";"[39,110]";"[118,110]";190.00;77.00
1;20;76;8874;84;3;"[22,3266,3955]";"[80,24734,27635]";"[45,78,78]";"[87,84,84]";116.00;76.00
1;20;76;15634;113;2;"[22,8524]";"[79,47864]";"[31,113]";"[127,113]";176.00;72.00
1;20;76;4799;92;3;"[22,1953,2036]";"[83,12940,13106]";"[34,92,92]";"[108,98,92]";40.00;29.00
1;20;76;4406;106;2;"[22,2187]";"[80,12050]";"[35,106]";"[109,106]";15.00;12.00
1;20;76;13649;113;2;"[22,6538]";"[82,29635]";"[42,113]";"[115,113]";96.00;43.00
1;20;76;11632;109;3;"[22,1722,2561]";"[80,9453,11585]";"[49,109,109]";"[126,122,109]";29.00;24.00
1;20;76;16271;108;3;"[22,575,1005]";"[81,3515,5733]";"[54,108,108]";"[124,110,108]";7.00;8.00
1;20;76;6107;85;3;"[22,1856,2213]";"[82,9331,14334]";"[35,85,85]";"[96,87,85]";33.00;28.00
1;20;76;8032;68;2;"[22,2341]";"[81,12143]";"[26,68]";"[72,68]";20.00;11.00
1;20;76;14136;86;4;"[22,823,1489,6050]";"[83,6220,7790,43565]";"[49,83,86,61]";"[95,87,86,86]";158.00;80.00
1;20;76;5364;93;2;"[22,2918]";"[82,15510]";"[43,93]";"[99,93]";30.00;18.00
1;20;76;18311;133;2;"[22,3266]";"[81,13735]";"[40,133]";"[143,133]";26.00;17.00
1;20;76;4596;93;2;"[22,909]";"[82,4841]";"[37,93]";"[100,93]";4.00;4.00
1;20;76;21857;93;2;"[22,6749]";"[81,37309]";"[29,93]";"[95,93]";152.00;52.00
1;20;76;14563;123;2;"[22,5375]";"[81,25334]";"[25,123]";"[131,123]";80.00;37.00
1;20;76;11514;137;3;"[22,874,918]";"[79,5068,5108]";"[44,134,137]";"[157,137,137]";8.00;10.00
1;20;76;16355;81;3;"[22,6554,6875]";"[80,27819,29930]";"[32,81,81]";"[83,81,81]";244.00;99.00
1;20;76;14681;111;2;"[22,5594]";"[81,28521]";"[32,111]";"[116,111]";102.00;38.00
1;20;76;14422;119;3;"[22,6389,6640]";"[80,34190,34692]";"[34,119,119]";"[126,120,119]";273.00;121.00
1;20;76;13631;93;3;"[22,1400,1903]";"[81,6652,8068]";"[60,93,93]";"[97,93,93]";19.00;15.00
1;20;76;9956;101;2;"[22,3076]";"[81,19425]";"[40,101]";"[103,101]";33.00;22.00
1;20;76;11182;117;3;"[22,1300,6401]";"[81,6862,32676]";"[41,117,115]";"[127,118,117]";115.00;59.00
1;20;76;17086;93;3;"[22,4568,4672]";"[79,21306,21535]";"[37,93,93]";"[103,93,93]";124.00;66.00
1;20;95;15991;117;2;"[22,1148]";"[99,9292]";"[48,117]";"[121,117]";8.00;7.00
1;20;95;7358;127;2;"[22,4624]";"[98,26984]";"[42,127]";"[136,127]";75.00;37.00
1;20;95;5356;87;4;"[22,4293,4585,4752]";"[100,23582,24167,24271]";"[41,87,87,87]";"[95,91,88,87]";239.00;138.00
1;20;95;14687;114;2;"[22,2044]";"[101,16425]";"[58,114]";"[127,114]";23.00;16.00
1;20;95;15388;83;2;"[22,700]";"[98,4312]";"[37,83]";"[96,83]";3.00;3.00
1;20;95;2395;128;4;"[22,1485,1694,2252]";"[97,8636,9692,12744]";"[55,128,128,128]";"[142,134,133,128]";44.00;42.00
1;20;95;5979;90;3;"[22,2413,3544]";"[98,17417,22453]";"[38,90,90]";"[92,90,90]";79.00;53.00
1;20;95;10075;109;3;"[22,2108,5345]";"[98,15770,40134]";"[40,109,109]";"[114,109,109]";147.00;77.00
1;20;95;2340;98;2;"[22,821]";"[100,5985]";"[47,98]";"[108,98]";5.00;4.00
1;20;95;7457;101;3;"[22,2044,2148]";"[98,16419,16939]";"[28,101,101]";"[108,102,101]";44.00;46.00
1;20;95;3720;104;2;"[22,1410]";"[99,9243]";"[59,104]";"[108,104]";11.00;7.00
1;20;95;14667;114;2;"[22,5558]";"[100,43481]";"[51,114]";"[116,114]";133.00;60.00
1;20;95;11727;141;3;"[22,1177,4803]";"[100,8160,32564]";"[48,141,135]";"[151,143,141]";118.00;57.00
1;20;95;4544;118;2;"[22,367]";"[98,2123]";"[60,118]";"[132,118]";1.00;1.00
1;20;95;15567;103;3;"[22,4659,5288]";"[97,30909,34871]";"[47,103,103]";"[111,103,103]";191.00;109.00
1;20;95;2491;125;3;"[22,1187,1366]";"[99,8751,9587]";"[37,125,125]";"[134,125,125]";18.00;18.00
1;20;95;21219;84;3;"[22,12689,13108]";"[99,75519,76357]";"[39,81,84]";"[89,84,84]";1123.00;307.00
1;20;95;16739;108;3;"[22,7570,7721]";"[99,52223,52650]";"[47,108,108]";"[121,119,108]";452.00;187.00
1;20;95;14457;131;2;"[22,9345]";"[99,55044]";"[32,131]";"[146,131]";290.00;88.00
1;20;95;14888;113;2;"[22,6664]";"[99,56948]";"[56,113]";"[117,113]";145.00;76.00
1;20;95;19525;91;2;"[22,4595]";"[97,26958]";"[26,91]";"[101,91]";65.00;39.00
1;20;95;14380;118;4;"[22,2163,2511,2650]";"[100,12246,13748,14360]";"[58,114,118,118]";"[126,124,118,118]";84.00;59.00
1;20;95;14520;109;2;"[22,6376]";"[98,33683]";"[35,109]";"[117,109]";138.00;52.00
1;20;95;2303;105;3;"[22,637,816]";"[99,4193,5000]";"[35,105,105]";"[115,106,105]";7.00;8.00
1;20;95;1720;110;3;"[22,375,398]";"[98,2270,2314]";"[47,110,110]";"[116,110,110]";2.00;2.00
1;20;95;19101;96;2;"[22,8159]";"[100,56125]";"[35,96]";"[103,96]";242.00;80.00
1;20;95;13905;124;3;"[22,8720,9852]";"[99,55325,60309]";"[39,120,124]";"[131,126,124]";472.00;211.00
1;20;95;8874;100;2;"[22,5139]";"[98,33930]";"[45,100]";"[104,100]";100.00;46.00
1;20;95;15634;113;2;"[22,8524]";"[98,63855]";"[32,113]";"[127,113]";256.00;95.00
1;20;95;4799;116;2;"[22,1617]";"[102,11907]";"[45,116]";"[123,116]";15.00;10.00
1;20;95;4406;106;2;"[22,2187]";"[99,14094]";"[35,106]";"[109,106]";18.00;13.00
1;20;95;13649;113;2;"[22,6538]";"[100,35762]";"[42,113]";"[115,113]";108.00;51.00
1;20;95;11632;130;3;"[22,656,1713]";"[99,3932,12799]";"[65,130,130]";"[141,133,130]";18.00;15.00
1;20;95;16271;129;3;"[22,699,4952]";"[98,4891,35280]";"[54,127,129]";"[147,135,129]";106.00;52.00
1;20;95;6107;93;4;"[22,3534,3673,4651]";"[100,27077,27668,31342]";"[37,93,93,93]";"[105,97,97,93]";208.00;142.00
1;20;95;8032;113;2;"[22,5505]";"[100,29604]";"[26,113]";"[122,113]";97.00;44.00
1;20;95;14136;133;2;"[22,8636]";"[100,66367]";"[49,133]";"[143,133]";298.00;100.00
1;20;95;5364;131;3;"[22,1545,1649]";"[99,11231,11876]";"[55,131,131]";"[134,131,131]";25.00;23.00
1;20;95;18311;133;2;"[22,3266]";"[99,17700]";"[50,133]";"[143,133]";31.00;21.00
1;20;95;4596;103;2;"[22,2842]";"[101,17561]";"[38,103]";"[112,103]";36.00;21.00
1;20;95;21857;103;2;"[22,12206]";"[100,85681]";"[29,103]";"[108,103]";465.00;136.00
1;20;95;14563;142;3;"[22,6885,7388]";"[100,43018,45381]";"[31,142,142]";"[151,142,142]";401.00;166.00
1;20;95;11514;148;5;"[22,918,8620,8739,8774]";"[98,6252,57195,59923,60028]";"[45,148,145,145,145]";"[171,155,151,148,148]";701.00;372.00
1;20;95;16355;81;4;"[22,7813,8735,9056]";"[99,41404,45726,49775]";"[32,81,81,81]";"[85,82,81,81]";722.00;276.00
1;20;95;14681;138;2;"[22,7040]";"[100,41748]";"[43,138]";"[145,138]";161.00;64.00
1;20;95;14422;121;4;"[22,7880,9473,10114]";"[98,60737,64400,67582]";"[34,120,121,121]";"[129,123,122,121]";961.00;406.00
1;20;95;13631;109;3;"[22,1596,8658]";"[99,8865,50901]";"[60,109,107]";"[114,110,109]";236.00;87.00
1;20;95;9956;105;3;"[22,6098,6663]";"[100,42017,44438]";"[40,103,105]";"[112,107,105]";280.00;145.00
1;20;95;11182;133;2;"[22,8082]";"[98,45387]";"[41,133]";"[147,133]";173.00;69.00
1;20;95;17086;130;2;"[22,8483]";"[98,59978]";"[37,130]";"[135,130]";177.00;87.00
1;20;126;15991;137;4;"[22,6719,7138,7389]";"[128,57522,59506,60510]";"[48,137,137,137]";"[148,143,137,137]";725.00;335.00
1;20;126;7358;139;4;"[22,5420,5671,5922]";"[128,38558,39370,39621]";"[55,139,139,139]";"[153,142,140,139]";457.00;229.00
1;20;126;5356;109;2;"[22,4543]";"[131,30001]";"[45,109]";"[119,109]";91.00;42.00
1;20;126;14687;139;3;"[22,8876,10134]";"[131,88253,95881]";"[58,139,139]";"[153,141,139]";850.00;338.00
1;20;126;15388;131;2;"[22,6155]";"[129,48513]";"[48,131]";"[137,131]";185.00;69.00
1;20;126;2395;140;2;"[22,2252]";"[128,16536]";"[65,140]";"[151,140]";26.00;20.00
1;20;126;5979;114;2;"[22,2663]";"[128,22763]";"[52,114]";"[117,114]";36.00;26.00
1;20;126;10075;165;2;"[22,8064]";"[129,60412]";"[69,165]";"[183,165]";264.00;93.00
1;20;126;2340;118;3;"[22,310,941]";"[130,2960,10176]";"[57,118,118]";"[133,123,118]";9.00;10.00
1;20;126;7457;101;3;"[22,3302,3406]";"[129,31389,31909]";"[31,101,101]";"[111,102,101]";126.00;91.00
1;20;126;3720;120;3;"[22,1639,1728]";"[129,13745,14217]";"[62,120,120]";"[128,120,120]";34.00;32.00
1;20;126;14667;127;3;"[22,4453,8613]";"[129,34640,66056]";"[51,127,127]";"[139,130,127]";446.00;166.00
1;20;126;11727;153;2;"[22,3287]";"[129,24757]";"[52,153]";"[161,153]";57.00;32.00
1;20;126;4544;138;3;"[22,3612,4170]";"[129,23917,26487]";"[60,138,138]";"[155,140,138]";143.00;83.00
1;20;126;15567;121;3;"[22,7573,8202]";"[128,71158,75325]";"[47,121,121]";"[129,123,121]";602.00;255.00
1;20;126;2491;129;3;"[22,1303,1406]";"[129,11858,12210]";"[37,129,129]";"[135,131,129]";25.00;26.00
1;20;126;21219;93;3;"[22,12968,13387]";"[130,114557,115655]";"[39,91,93]";"[106,93,93]";1556.00;433.00
1;20;126;16739;117;6;"[22,7863,8223,9752,10255,12774]";"[129,62968,66218,76001,77861,85671]";"[47,117,117,117,117,117]";"[132,129,127,118,117,117]";2061.00;792.00
1;20;126;14457;149;2;"[22,8225]";"[130,63669]";"[34,149]";"[166,149]";290.00;93.00
1;20;126;14888;128;3;"[22,6978,9497]";"[128,72528,104056]";"[56,128,128]";"[132,131,128]";607.00;307.00
1;20;126;19525;112;2;"[22,13627]";"[128,100663]";"[30,112]";"[123,112]";685.00;163.00
1;20;126;14380;150;2;"[22,11716]";"[129,80963]";"[58,150]";"[166,150]";529.00;134.00
1;20;126;14520;124;2;"[22,9544]";"[129,54437]";"[41,124]";"[134,124]";344.00;85.00
1;20;126;2303;118;3;"[22,805,984]";"[129,5717,7086]";"[53,118,118]";"[134,119,118]";12.00;13.00
1;20;126;1720;121;3;"[22,463,486]";"[128,3541,3611]";"[59,121,121]";"[128,122,121]";4.00;5.00
1;20;126;19101;124;2;"[22,12155]";"[129,89604]";"[39,124]";"[133,124]";565.00;138.00
1;20;126;13905;147;2;"[22,11530]";"[128,83578]";"[39,147]";"[160,147]";507.00;136.00
1;20;126;8874;131;3;"[22,5592,5801]";"[128,47894,48466]";"[46,131,131]";"[135,131,131]";292.00;168.00
1;20;126;15634;123;3;"[22,9027,12488]";"[128,83994,94937]";"[32,123,123]";"[135,125,123]";993.00;339.00
1;20;126;4799;127;2;"[22,1736]";"[131,15684]";"[46,127]";"[136,127]";20.00;13.00
1;20;126;4406;116;5;"[22,2498,2649,3278,3465]";"[129,19604,20290,23434,23844]";"[41,116,116,116,116]";"[125,120,119,116,116]";201.00;150.00
1;20;126;13649;126;3;"[22,8188,8467]";"[130,69617,71040]";"[51,124,126]";"[131,127,126]";667.00;245.00
1;20;126;11632;160;2;"[22,7665]";"[129,61658]";"[71,160]";"[170,160]";243.00;94.00
1;20;126;16271;139;2;"[22,5192]";"[129,45516]";"[59,139]";"[160,139]";129.00;63.00
1;20;126;6107;133;2;"[22,4594]";"[128,40281]";"[47,133]";"[140,133]";109.00;56.00
1;20;126;8032;117;2;"[22,6206]";"[130,44876]";"[28,117]";"[126,117]";171.00;67.00
1;20;126;14136;143;2;"[22,1230]";"[129,12502]";"[49,143]";"[147,143]";12.00;11.00
1;20;126;5364;148;2;"[22,2362]";"[130,21712]";"[76,148]";"[160,148]";31.00;26.00
1;20;126;18311;164;2;"[22,10477]";"[128,66464]";"[56,164]";"[175,164]";434.00;107.00
1;20;126;4596;106;2;"[22,3121]";"[131,22371]";"[42,106]";"[117,106]";51.00;27.00
1;20;126;21857;117;2;"[22,13884]";"[130,116994]";"[35,117]";"[122,117]";708.00;184.00
1;20;126;14563;147;2;"[22,7388]";"[129,55297]";"[40,147]";"[161,147]";240.00;85.00
1;20;126;11514;179;3;"[22,7821,8180]";"[128,59436,60512]";"[53,179,179]";"[208,183,179]";569.00;242.00
1;20;126;16355;106;2;"[22,1245]";"[129,8904]";"[40,106]";"[109,106]";10.00;7.00
1;20;126;14681;152;2;"[22,8508]";"[130,65297]";"[46,152]";"[159,152]";313.00;103.00
1;20;126;14422;140;4;"[22,10145,10648,10899]";"[129,85075,86917,87419]";"[39,140,140,140]";"[156,148,145,140]";1467.00;553.00
1;20;126;13631;121;2;"[22,1783]";"[130,12639]";"[62,121]";"[129,121]";17.00;11.00
1;20;126;9956;149;3;"[22,6833,7336]";"[129,60751,63706]";"[59,149,149]";"[169,153,149]";490.00;216.00
1;20;126;11182;142;2;"[22,8501]";"[129,60784]";"[53,142]";"[156,142]";259.00;93.00
1;20;126;17086;146;2;"[22,11675]";"[129,90038]";"[40,146]";"[163,146]";429.00;137.00
1;25;120;16715;144;2;"[27,8662]";"[125,53386]";"[45,144]";"[160,144]";198.00;75.00
1;25;120;7569;104;2;"[27,5046]";"[123,32658]";"[38,104]";"[114,104]";78.00;44.00
1;25;120;13399;132;3;"[27,6813,7482]";"[124,49932,53479]";"[52,132,132]";"[140,133,132]";262.00;172.00
1;25;120;20415;143;3;"[27,9039,9318]";"[124,61513,62378]";"[52,141,143]";"[159,144,143]";524.00;229.00
1;25;120;8192;96;4;"[27,1217,1356,3032]";"[123,11388,12383,18459]";"[42,96,96,96]";"[103,100,99,96]";58.00;55.00
1;25;120;4700;109;4;"[27,1666,2189,2398]";"[125,12314,14300,15341]";"[63,109,109,109]";"[120,114,111,109]";57.00;52.00
1;25;120;17043;90;7;"[27,593,3196,4483,4797,8545,8905]";"[125,4405,27143,45214,50126,66428,67088]";"[45,88,88,69,69,69,69]";"[101,98,93,92,90,90,90]";766.00;499.00
1;25;120;14737;142;3;"[27,6961,7320]";"[126,52139,53774]";"[37,142,142]";"[151,143,142]";358.00;179.00
1;25;120;5370;114;4;"[27,285,299,361]";"[125,2115,2202,2664]";"[49,114,114,114]";"[122,116,115,114]";3.00;4.00
1;25;120;20229;105;4;"[27,1839,1865,10651]";"[123,11310,11354,74385]";"[49,100,100,70]";"[111,109,105,105]";337.00;159.00
1;25;120;2855;87;6;"[27,335,765,895,967,1231]";"[126,2241,5601,7185,7641,9057]";"[25,84,87,87,87,87]";"[97,89,88,87,87,87]";26.00;35.00
1;25;120;22751;111;4;"[27,9702,12221,13003]";"[125,66459,84495,88908]";"[39,111,111,111]";"[122,116,114,111]";1164.00;479.00
1;25;120;20991;102;3;"[27,3228,5071]";"[126,25453,34437]";"[32,102,102]";"[111,106,102]";120.00;87.00
1;25;120;22797;134;2;"[27,13455]";"[125,84882]";"[37,134]";"[143,134]";465.00;130.00
1;25;120;18857;116;3;"[27,7819,10300]";"[125,63848,73170]";"[33,112,116]";"[120,118,116]";563.00;243.00
1;25;120;24145;94;3;"[27,5156,9476]";"[123,33299,67746]";"[33,89,94]";"[101,94,94]";402.00;156.00
1;25;120;19798;103;2;"[27,8663]";"[126,68327]";"[60,103]";"[111,103]";221.00;95.00
1;25;120;18034;107;4;"[27,7256,9108,11627]";"[125,48438,57619,68444]";"[38,103,107,107]";"[115,111,110,107]";822.00;349.00
1;25;120;3108;100;2;"[27,1184]";"[125,8724]";"[36,100]";"[112,100]";7.00;7.00
1;25;120;14584;123;3;"[27,7541,8170]";"[126,51575,54762]";"[65,123,123]";"[133,123,123]";365.00;185.00
1;25;120;22468;132;3;"[27,6366,6785]";"[125,50352,52841]";"[34,132,132]";"[143,132,132]";276.00;172.00
1;25;120;17104;127;3;"[27,6717,8395]";"[125,52577,62803]";"[39,127,127]";"[133,129,127]";444.00;200.00
1;25;120;23607;101;3;"[27,1664,1723]";"[125,14373,14758]";"[32,101,101]";"[117,103,101]";29.00;33.00
1;25;120;19694;148;3;"[27,11767,15124]";"[123,75055,88858]";"[35,148,148]";"[158,148,148]";889.00;327.00
1;25;120;18247;112;3;"[27,6961,7275]";"[126,45030,46914]";"[38,106,112]";"[122,112,112]";266.00;160.00
1;25;120;9771;115;3;"[27,2157,2350]";"[126,14824,15670]";"[43,115,115]";"[120,116,115]";48.00;36.00
1;25;120;15903;123;3;"[27,4555,5184]";"[126,34311,35910]";"[53,123,123]";"[134,125,123]";174.00;108.00
1;25;120;16231;121;3;"[27,3480,3794]";"[125,26727,27669]";"[46,121,121]";"[127,122,121]";98.00;76.00
1;25;120;19253;89;3;"[27,452,463]";"[128,3450,3549]";"[47,87,89]";"[91,89,89]";4.00;4.00
1;25;120;8025;111;3;"[27,2656,3634]";"[124,20348,24714]";"[51,111,111]";"[118,115,111]";80.00;67.00
1;25;120;9180;109;2;"[27,3015]";"[126,24364]";"[34,109]";"[120,109]";39.00;28.00
1;25;120;20086;108;3;"[27,1251,1848]";"[124,12704,13996]";"[36,108,108]";"[119,111,108]";26.00;27.00
1;25;120;6639;105;3;"[27,338,361]";"[126,3015,3187]";"[50,97,97]";"[107,105,105]";2.00;4.00
1;25;120;22976;165;2;"[27,11812]";"[125,82979]";"[53,165]";"[182,165]";361.00;127.00
1;25;120;5884;89;2;"[27,1141]";"[126,9018]";"[37,89]";"[98,89]";8.00;7.00
1;25;120;24929;116;3;"[27,7864,10383]";"[126,57864,78889]";"[36,116,116]";"[126,116,116]";516.00;236.00
1;25;120;17587;125;3;"[27,315,344]";"[126,2374,2664]";"[34,125,125]";"[129,125,125]";2.00;3.00
1;25;120;15444;144;4;"[27,3589,4511,4825]";"[125,25897,31569,32581]";"[43,138,144,144]";"[156,144,144,144]";218.00;156.00
1;25;120;18917;108;2;"[27,3934]";"[123,19147]";"[37,108]";"[119,108]";52.00;24.00
1;25;120;17841;124;4;"[27,13994,14856,15494]";"[126,74151,78647,79637]";"[43,124,124,124]";"[133,128,125,124]";1574.00;499.00
1;25;120;18604;141;2;"[27,6726]";"[124,46926]";"[36,141]";"[150,141]";136.00;67.00
1;25;120;16956;108;3;"[27,1595,2410]";"[125,11246,14718]";"[34,101,108]";"[115,108,108]";40.00;32.00
1;25;120;12122;153;4;"[27,4081,4440,5530]";"[124,31299,32376,35789]";"[55,153,153,153]";"[166,156,154,153]";273.00;172.00
1;25;120;15907;132;3;"[27,9780,12087]";"[125,70596,77865]";"[35,132,132]";"[148,132,132]";722.00;281.00
1;25;120;21251;117;2;"[27,3597]";"[124,26779]";"[56,117]";"[118,117]";47.00;33.00
1;25;120;18653;134;3;"[27,6328,7106]";"[127,47665,49571]";"[58,134,134]";"[147,136,134]";260.00;160.00
1;25;120;11523;150;2;"[27,6031]";"[127,37029]";"[87,150]";"[167,150]";113.00;56.00
1;25;120;22560;109;4;"[27,7704,8169,9008]";"[123,59979,70057,75838]";"[43,109,109,109]";"[125,113,112,109]";711.00;391.00
1;25;120;17860;151;3;"[27,1311,1355]";"[125,8195,8380]";"[47,151,151]";"[161,154,151]";17.00;18.00
1;25;120;22601;117;3;"[27,11640,12269]";"[125,87405,89733]";"[40,117,117]";"[129,117,117]";817.00;331.00
1;25;150;16715;144;3;"[27,9921,10760]";"[154,72963,78544]";"[47,144,144]";"[162,148,144]";698.00;287.00
1;25;150;7569;118;3;"[27,1624,5296]";"[153,14425,43491]";"[41,118,118]";"[127,124,118]";156.00;84.00
1;25;150;13399;152;2;"[27,8304]";"[154,72407]";"[52,152]";"[165,152]";218.00;111.00
1;25;150;20415;155;3;"[27,15678,15929]";"[153,106462,106964]";"[61,153,155]";"[178,155,155]";1427.00;422.00
1;25;150;8192;120;3;"[27,2362,2780]";"[153,20691,23060]";"[42,120,120]";"[131,126,120]";67.00;59.00
1;25;150;4700;124;3;"[27,2572,2766]";"[155,19535,20464]";"[63,124,124]";"[134,124,124]";62.00;56.00
1;25;150;17043;128;2;"[27,9126]";"[154,87779]";"[45,128]";"[143,128]";309.00;123.00
1;25;150;14737;154;3;"[27,8124,8438]";"[155,64860,66214]";"[44,154,154]";"[175,154,154]";489.00;232.00
1;25;150;5370;159;2;"[27,435]";"[155,3141]";"[49,159]";"[166,159]";2.00;2.00
1;25;150;20229;141;2;"[27,860]";"[152,6921]";"[49,141]";"[161,141]";5.00;5.00
1;25;150;2855;118;4;"[27,1296,1510,1869]";"[154,10944,12629,15676]";"[32,118,118,118]";"[124,118,118,118]";46.00;51.00
1;25;150;22751;129;3;"[27,9645,12164]";"[155,81428,100303]";"[48,129,129]";"[144,132,129]";810.00;331.00
1;25;150;20991;122;2;"[27,4612]";"[154,42288]";"[52,122]";"[130,122]";81.00;54.00
1;25;150;22797;137;4;"[27,13395,13814,14547]";"[155,110300,112868,115486]";"[42,134,134,137]";"[147,137,137,137]";2255.00;679.00
1;25;150;18857;124;3;"[27,9662,10300]";"[155,81497,84443]";"[33,124,124]";"[133,128,124]";719.00;302.00
1;25;150;24145;104;4;"[27,4525,11509,13187]";"[153,32951,93236,114898]";"[33,102,100,104]";"[114,105,104,104]";1319.00;455.00
1;25;150;19798;138;2;"[27,9940]";"[154,76680]";"[67,138]";"[153,138]";326.00;119.00
1;25;150;18034;112;5;"[27,6273,9970,11088,13607]";"[154,51449,75764,81652,94366]";"[38,109,109,112,112]";"[115,114,112,112,112]";1538.00;638.00
1;25;150;3108;112;2;"[27,1223]";"[155,10560]";"[47,112]";"[123,112]";10.00;8.00
1;25;150;14584;145;2;"[27,7770]";"[155,66013]";"[66,145]";"[158,145]";237.00;96.00
1;25;150;22468;143;3;"[27,5393,6441]";"[154,46236,52833]";"[50,143,143]";"[151,146,143]";286.00;167.00
1;25;150;17104;127;3;"[27,6717,8395]";"[155,61083,71979]";"[39,127,127]";"[133,129,127]";509.00;229.00
1;25;150;23607;138;3;"[27,1553,1791]";"[153,14645,15827]";"[53,138,138]";"[155,142,138]";26.00;36.00
1;25;150;19694;148;4;"[27,11641,12270,15627]";"[153,93583,96540,110932]";"[37,148,148,148]";"[162,154,151,148]";1784.00;633.00
1;25;150;18247;115;3;"[27,8220,8534]";"[155,61847,64045]";"[45,108,115]";"[125,115,115]";491.00;222.00
1;25;150;9771;125;4;"[27,2516,2585,2674]";"[155,21071,21492,21841]";"[53,125,125,125]";"[140,127,125,125]";111.00;95.00
1;25;150;15903;136;2;"[27,7911]";"[155,59665]";"[53,136]";"[157,136]";225.00;86.00
1;25;150;16231;174;3;"[27,4673,5512]";"[154,41569,47693]";"[64,174,174]";"[195,180,174]";224.00;149.00
1;25;150;19253;140;5;"[27,9683,9757,9801,10050]";"[153,97460,97908,98073,100429]";"[68,140,140,140,140]";"[152,145,144,142,140]";1696.00;785.00
1;25;150;8025;127;4;"[27,2739,3017,3156]";"[154,24323,25331,25783]";"[57,127,127,127]";"[137,133,132,127]";128.00;113.00
1;25;150;9180;134;2;"[27,3959]";"[155,34839]";"[41,134]";"[143,134]";68.00;44.00
1;25;150;20086;120;2;"[27,8397]";"[153,101712]";"[48,120]";"[128,120]";324.00;152.00
1;25;150;6639;116;3;"[27,3641,3864]";"[155,29233,31057]";"[50,115,116]";"[124,116,116]";122.00;96.00
1;25;150;22976;177;3;"[27,14855,15843]";"[152,108826,113434]";"[61,176,177]";"[197,177,177]";1502.00;440.00
1;25;150;5884;129;3;"[27,1594,3151]";"[153,13794,27174]";"[50,129,129]";"[143,133,129]";68.00;54.00
1;25;150;24929;138;2;"[27,6253]";"[156,59181]";"[36,138]";"[151,138]";147.00;81.00
1;25;150;17587;131;3;"[27,516,1233]";"[155,3918,11012]";"[35,131,131]";"[142,134,131]";12.00;14.00
1;25;150;15444;154;3;"[27,3903,4825]";"[153,34172,40662]";"[58,154,154]";"[166,154,154]";174.00;119.00
1;25;150;18917;120;2;"[27,4492]";"[153,26042]";"[52,120]";"[134,120]";81.00;37.00
1;25;150;17841;127;5;"[27,1998,11661,15913,16272]";"[154,14495,86172,99348,99832]";"[43,127,124,127,127]";"[137,133,131,131,127]";2098.00;668.00
1;25;150;18604;148;2;"[27,6329]";"[154,53354]";"[36,148]";"[169,148]";171.00;76.00
1;25;150;16956;119;2;"[27,8588]";"[155,71752]";"[39,119]";"[134,119]";247.00;106.00
1;25;150;12122;163;5;"[27,4836,5989,6240,6599]";"[154,43662,47988,49494,50365]";"[55,163,163,163,163]";"[174,168,163,163,163]";618.00;386.00
1;25;150;15907;150;3;"[27,10220,10279]";"[155,86935,87477]";"[35,150,150]";"[161,150,150]";756.00;321.00
1;25;150;21251;128;2;"[27,6619]";"[154,71808]";"[57,128]";"[130,128]";166.00;100.00
1;25;150;18653;159;3;"[27,9704,10576]";"[154,82142,85455]";"[62,155,155]";"[180,161,159]";698.00;303.00
1;25;150;11523;153;3;"[27,6031,7815]";"[156,47468,57830]";"[92,153,153]";"[170,162,153]";353.00;179.00
1;25;150;22560;111;5;"[27,1128,8906,8977,10356]";"[152,11325,88273,89183,100460]";"[46,111,111,111,111]";"[127,118,114,112,111]";1174.00;560.00
1;25;150;17860;160;3;"[27,1848,2011]";"[154,11954,12421]";"[63,160,160]";"[178,168,160]";35.00;31.00
1;25;150;22601;145;2;"[27,13408]";"[153,116625]";"[45,145]";"[157,145]";682.00;182.00
1;25;200;16715;153;3;"[27,10340,12228]";"[203,95289,109852]";"[70,153,153]";"[166,156,153]";1142.00;392.00
1;25;200;7569;126;2;"[27,5408]";"[202,56731]";"[47,126]";"[137,126]";156.00;79.00
1;25;200;13399;175;3;"[27,3079,3498]";"[203,32854,36252]";"[56,175,175]";"[194,179,175]";135.00;110.00
1;25;200;20415;175;3;"[27,13829,14332]";"[203,126903,129490]";"[61,175,175]";"[206,175,175]";1629.00;487.00
1;25;200;8192;153;2;"[27,5401]";"[203,47881]";"[50,153]";"[158,153]";117.00;66.00
1;25;200;4700;161;4;"[27,3269,3672,3881]";"[202,34833,36352,37526]";"[81,161,161,161]";"[184,164,161,161]";239.00;194.00
1;25;200;17043;152;6;"[27,11499,12338,13246,14505,15008]";"[203,127810,131409,134221,141389,144048]";"[45,152,152,152,152,152]";"[165,162,160,156,152,152]";4205.00;1533.00
1;25;200;14737;187;2;"[27,11840]";"[203,105200]";"[46,187]";"[205,187]";623.00;174.00
1;25;200;5370;169;4;"[27,3287,3414,3518]";"[204,33454,35396,35909]";"[73,164,164,169]";"[180,170,169,169]";215.00;187.00
1;25;200;20229;165;4;"[27,6447,6761,7191]";"[202,69634,71425,72844]";"[49,165,165,165]";"[181,172,166,165]";754.00;421.00
1;25;200;2855;168;3;"[27,1904,1963]";"[203,18325,18537]";"[36,168,168]";"[186,170,168]";48.00;48.00
1;25;200;22751;163;4;"[27,12041,14560,16238]";"[203,116791,134547,146231]";"[52,154,154,163]";"[179,165,164,163]";2657.00;829.00
1;25;200;20991;155;3;"[27,5505,5684]";"[203,68964,69689]";"[56,155,155]";"[169,158,155]";344.00;235.00
1;25;200;22797;141;6;"[27,17138,17452,18711,19130,19863]";"[202,171605,173524,176941,179230,181115]";"[43,137,137,137,137,141]";"[153,149,143,141,141,141]";6907.00;2090.00
1;25;200;18857;149;3;"[27,13546,14139]";"[204,137435,140191]";"[44,149,149]";"[166,151,149]";1559.00;535.00
1;25;200;24145;110;3;"[27,13759,15101]";"[203,123876,133781]";"[41,110,110]";"[124,112,110]";1773.00;488.00
1;25;200;19798;146;3;"[27,10884,13337]";"[203,110212,128205]";"[67,146,146]";"[157,147,146]";1351.00;446.00
1;25;200;18034;130;4;"[27,4320,8479,9465]";"[203,39940,84505,89963]";"[44,130,130,130]";"[145,130,130,130]";923.00;391.00
1;25;200;3108;136;4;"[27,2011,2190,2261]";"[203,22604,24125,24303]";"[48,136,136,136]";"[150,140,138,136]";101.00;111.00
1;25;200;14584;190;3;"[27,11439,12068]";"[202,107138,108838]";"[66,190,190]";"[213,194,190]";1234.00;440.00
1;25;200;22468;164;3;"[27,11338,11757]";"[204,110560,112316]";"[69,164,164]";"[180,168,164]";1137.00;428.00
1;25;200;17104;143;3;"[27,7499,7918]";"[204,84020,87090]";"[50,143,143]";"[159,145,143]";661.00;303.00
1;25;200;23607;158;3;"[27,2717,2836]";"[202,27020,27498]";"[53,158,158]";"[183,160,158]";98.00;85.00
1;25;200;19694;173;2;"[27,13527]";"[203,130278]";"[39,173]";"[187,173]";748.00;211.00
1;25;200;18247;128;4;"[27,13046,13549,13800]";"[204,138186,141600,142353]";"[45,128,128,128]";"[143,132,129,128]";2566.00;885.00
1;25;200;9771;163;2;"[27,3276]";"[202,30248]";"[59,163]";"[181,163]";57.00;39.00
1;25;200;15903;174;3;"[27,8937,9566]";"[203,88335,91808]";"[62,174,174]";"[188,178,174]";808.00;325.00
1;25;200;16231;187;3;"[27,6351,6665]";"[203,72258,74079]";"[67,187,187]";"[204,187,187]";474.00;253.00
1;25;200;19253;170;3;"[27,1930,1969]";"[202,21429,21593]";"[77,170,170]";"[191,175,170]";51.00;57.00
1;25;200;8025;144;2;"[27,6624]";"[203,65665]";"[67,144]";"[157,144]";206.00;94.00
1;25;200;9180;153;5;"[27,5671,5922,6101,6415]";"[203,64508,65485,66295,67247]";"[45,153,153,153,153]";"[168,158,158,157,153]";809.00;523.00
1;25;200;20086;162;4;"[27,10828,14606,15109]";"[202,135239,147665,151178]";"[51,162,162,162]";"[177,169,167,162]";2584.00;913.00
1;25;200;6639;154;3;"[27,4667,5086]";"[203,50306,53828]";"[69,154,154]";"[174,154,154]";274.00;182.00
1;25;200;22976;184;3;"[27,19262,19681]";"[202,174980,176259]";"[61,184,184]";"[205,187,184]";3104.00;746.00
1;25;200;5884;153;3;"[27,2980,3970]";"[203,33565,39692]";"[60,153,153]";"[163,154,153]";157.00;117.00
1;25;200;24929;150;2;"[27,10240]";"[204,115111]";"[36,150]";"[162,150]";466.00;169.00
1;25;200;17587;163;3;"[27,2213,13432]";"[203,18994,125589]";"[43,163,163]";"[178,166,163]";896.00;245.00
1;25;200;15444;186;4;"[27,7346,11101,13620]";"[203,86497,108893,142065]";"[66,186,186,186]";"[215,196,186,186]";1688.00;678.00
1;25;200;18917;154;4;"[27,13655,14914,15417]";"[202,100528,104954,106693]";"[66,154,154,154]";"[166,155,155,154]";2696.00;695.00
1;25;200;17841;170;3;"[27,14584,15213]";"[202,120324,123324]";"[57,170,170]";"[190,172,170]";1727.00;494.00
1;25;200;18604;199;3;"[27,17097,17516]";"[203,180723,181703]";"[51,199,199]";"[220,199,199]";2579.00;731.00
1;25;200;16956;160;4;"[27,2724,9767,10081]";"[202,23464,106591,107758]";"[47,160,160,160]";"[176,161,160,160]";1063.00;462.00
1;25;200;12122;192;3;"[27,6701,8402]";"[202,69853,78614]";"[66,192,192]";"[214,199,192]";586.00;275.00
1;25;200;15907;174;3;"[27,12820,13099]";"[203,132480,133596]";"[47,174,174]";"[193,177,174]";1432.00;525.00
1;25;200;21251;172;3;"[27,16596,16910]";"[203,155233,155610]";"[70,172,172]";"[185,176,172]";2435.00;622.00
1;25;200;18653;182;2;"[27,11451]";"[202,121152]";"[62,182]";"[207,182]";531.00;192.00
1;25;200;11523;174;3;"[27,8313,9869]";"[203,78527,85918]";"[101,174,174]";"[192,180,174]";775.00;312.00
1;25;200;22560;139;5;"[27,1531,11332,13671,14246]";"[202,18597,133173,144003,149375]";"[46,139,135,139,139]";"[151,146,143,142,139]";2247.00;945.00
1;25;200;17860;166;4;"[27,13583,13698,16217]";"[203,110529,111533,117022]";"[66,166,166,166]";"[187,170,169,166]";2444.00;743.00
1;25;200;22601;163;3;"[27,20064,21196]";"[202,229834,233769]";"[64,163,163]";"[176,163,163]";3443.00;927.00
1;30;174;22923;169;3;"[32,8634,9556]";"[176,68332,74745]";"[53,169,169]";"[180,170,169]";519.00;262.00
1;30;174;20130;157;2;"[32,9266]";"[178,80649]";"[55,157]";"[167,157]";251.00;119.00
1;30;174;19027;160;3;"[32,8748,9062]";"[181,64894,66813]";"[62,154,160]";"[170,162,160]";476.00;234.00
1;30;174;22270;154;4;"[32,1866,6559,7188]";"[179,16064,71271,73892]";"[46,152,154,154]";"[172,158,154,154]";399.00;283.00
1;30;174;22126;149;2;"[32,10835]";"[178,77871]";"[55,149]";"[159,149]";284.00;118.00
1;30;174;22319;126;3;"[32,389,400]";"[181,2886,2963]";"[59,126,126]";"[142,126,126]";2.00;4.00
1;30;174;25425;120;5;"[32,13844,17564,20083,20721]";"[180,102454,125360,134040,136159]";"[62,120,120,120,120]";"[132,126,124,123,120]";3705.00;1129.00
1;30;174;24729;132;3;"[32,16786,17904]";"[179,110499,113892]";"[47,132,132]";"[142,134,132]";1510.00;449.00
1;30;174;26101;116;3;"[32,9846,10160]";"[178,68624,70822]";"[51,116,116]";"[123,116,116]";661.00;244.00
1;30;174;23624;170;5;"[32,7257,7886,13155,13469]";"[178,57149,61126,90563,91505]";"[62,170,170,170,170]";"[187,174,172,170,170]";1515.00;662.00
1;30;174;28460;112;4;"[32,10676,11515,11913]";"[179,95823,100046,101935]";"[36,112,112,112]";"[121,119,112,112]";1244.00;569.00
1;30;174;21607;162;3;"[32,3889,4056]";"[179,29952,30327]";"[53,162,162]";"[179,162,162]";100.00;96.00
1;30;174;25090;127;4;"[32,2879,6711,6962]";"[179,28291,65408,67104]";"[53,127,127,127]";"[140,129,127,127]";431.00;267.00
1;30;174;3570;111;2;"[32,1262]";"[180,10987]";"[35,111]";"[125,111]";9.00;9.00
1;30;174;16771;140;2;"[32,7486]";"[179,63085]";"[49,140]";"[150,140]";182.00;92.00
1;30;174;25348;136;3;"[32,9601,10849]";"[180,77747,84534]";"[65,136,136]";"[145,140,136]";674.00;286.00
1;30;174;20093;172;6;"[32,10160,11419,14217,14468,15727]";"[178,78513,84351,99804,100306,106102]";"[43,172,172,172,172,172]";"[192,178,176,176,172,172]";2452.00;1055.00
1;30;174;26039;157;2;"[32,8319]";"[178,55821]";"[68,157]";"[162,157]";190.00;79.00
1;30;174;26519;130;2;"[32,9289]";"[178,83669]";"[38,130]";"[142,130]";245.00;127.00
1;30;174;21719;126;3;"[32,11456,12609]";"[181,84019,91302]";"[33,124,126]";"[138,128,126]";883.00;331.00
1;30;174;12249;174;3;"[32,2510,2719]";"[178,21003,22125]";"[41,174,174]";"[190,178,174]";69.00;61.00
1;30;174;20803;142;2;"[32,4538]";"[182,44033]";"[66,142]";"[157,142]";90.00;55.00
1;30;174;22576;165;3;"[32,7110,7424]";"[180,60432,62065]";"[53,165,165]";"[179,174,165]";392.00;218.00
1;30;174;23285;144;4;"[32,3379,3622,5300]";"[178,31089,32277,40857]";"[71,144,144,144]";"[152,146,144,144]";233.00;170.00
1;30;174;27211;120;4;"[32,11014,13052,13156]";"[180,103319,124561,124769]";"[41,115,115,115]";"[128,126,120,120]";1768.00;718.00
