kind;n;m;sum_n;AgeLatency;IterationCount;ExpansionVertex;ExpansionEdges;LowerBounds;UpperBounds;gen_time;sp_time
1;50;490;35665;208;8;"[52,19327,25663,26502,28119,28398,28757,29535]";"[496,201401,257982,267424,278650,281719,285542,289855]";"[70,207,207,207,208,208,208,208]";"[233,220,213,209,208,208,208,208]";11765.00;4409.00
1;50;490;31532;254;4;"[52,14704,15772,18161]";"[495,189804,200432,225296]";"[72,254,254,254]";"[288,269,258,254]";2272.00;1136.00
1;50;490;39974;246;6;"[52,12862,13679,18190,18609,21128]";"[495,194225,202721,244705,249082,276392]";"[83,246,246,246,246,246]";"[276,253,252,250,248,246]";4831.00;2309.00
1;50;490;37337;283;4;"[52,11423,12770,14868]";"[494,151883,164681,183419]";"[116,281,283,283]";"[311,289,285,283]";1514.00;920.00
1;50;490;45049;244;4;"[52,20142,22350,26001]";"[494,255051,284986,318126]";"[80,244,244,244]";"[277,254,252,244]";4418.00;1658.00
1;50;490;36904;211;5;"[52,11650,16419,18456,20049]";"[495,162035,228946,248784,255865]";"[83,206,211,211,211]";"[231,217,214,214,211]";3843.00;1779.00
1;50;490;35627;270;5;"[52,9776,19780,22744,25766]";"[494,129866,264800,284655,303703]";"[72,270,266,270,270]";"[304,284,279,272,270]";5107.00;2012.00
1;50;490;12203;229;5;"[52,4276,6216,6383,6502]";"[496,60109,86064,87337,88287]";"[83,229,229,229,229]";"[260,232,231,229,229]";582.00;555.00
1;50;490;43646;213;3;"[52,11009,12268]";"[493,173653,192514]";"[82,213,213]";"[229,213,213]";886.00;585.00
1;50;490;35360;201;3;"[52,10989,16327]";"[499,161056,241215]";"[73,198,201]";"[221,204,201]";1167.00;652.00
1;50;490;44477;225;6;"[52,12732,14494,14773,17292,18410]";"[497,175787,198663,200895,246658,256675]";"[80,225,225,225,225,225]";"[251,239,228,227,226,225]";4268.00;2052.00
1;50;490;34928;204;4;"[52,15978,21377,21880]";"[494,212711,256964,260668]";"[53,204,204,204]";"[225,209,205,204]";3508.00;1429.00
1;50;490;40216;211;5;"[52,11039,11836,14355,17377]";"[493,190233,219659,271515,294773]";"[91,211,211,211,211]";"[229,214,212,211,211]";2933.00;1818.00
1;50;490;37911;206;4;"[52,10459,10773,13164]";"[496,156998,160522,197480]";"[71,206,206,206]";"[233,208,206,206]";1500.00;889.00
1;50;490;38763;262;5;"[52,18280,21158,22080,22709]";"[495,230359,272509,282823,289910]";"[80,258,262,262,262]";"[292,278,266,263,262]";5192.00;2154.00
1;50;490;31976;205;5;"[52,17551,20135,21797,22373]";"[495,223007,245075,258716,263700]";"[55,199,205,205,205]";"[237,215,211,205,205]";4646.00;2051.00
1;50;490;34601;263;7;"[52,19423,20820,21973,22287,24806,25165]";"[493,260811,270625,279044,281905,293380,294986]";"[80,256,263,263,263,263,263]";"[296,273,270,267,265,263,263]";8634.00;3734.00
1;50;490;40884;216;6;"[52,12012,13919,15681,16309,17567]";"[496,186235,208338,229479,234817,241590]";"[86,216,216,216,216,216]";"[243,223,222,219,217,216]";3871.00;2200.00
1;50;490;36128;187;4;"[52,9423,13574,15531]";"[497,148268,200707,227392]";"[61,186,187,187]";"[204,193,188,187]";1637.00;1023.00
1;50;490;38840;243;6;"[52,17706,24465,26038,26631,27619]";"[493,233584,270108,285413,288713,294156]";"[109,243,243,243,243,243]";"[276,258,253,245,245,243]";7231.00;2989.00
1;50;490;36208;202;4;"[52,13755,16841,17120]";"[494,201704,231403,233328]";"[68,202,202,202]";"[216,209,205,202]";2430.00;1229.00
1;50;490;30054;241;10;"[52,15722,18134,18448,18699,19202,19516,19935,20294,20653]";"[496,228231,263870,265824,267581,270430,272663,273946,275542,278584]";"[80,241,241,241,241,241,241,241,241,241]";"[270,256,252,252,249,248,247,244,242,241]";10631.00;5338.00
1;50;490;41606;192;5;"[52,14055,18830,24789,25068]";"[495,192684,234436,290382,291805]";"[69,188,192,192,192]";"[216,196,196,196,192]";5155.00;2032.00
1;50;490;32978;216;3;"[52,16357,17615]";"[494,194468,209123]";"[61,216,216]";"[247,220,216]";1400.00;696.00
1;50;490;46369;158;8;"[52,21827,22467,25265,29297,30376,31005,31424]";"[497,314556,330308,349483,388061,401694,405244,407928]";"[64,158,158,158,158,158,158,158]";"[177,170,169,167,165,162,162,158]";15365.00;5687.00
1;50;490;43376;201;3;"[52,16686,17945]";"[494,238429,255365]";"[51,201,201]";"[223,205,201]";1950.00;865.00
1;50;490;38479;179;3;"[52,9100,11899]";"[495,144957,176647]";"[57,179,179]";"[200,182,179]";768.00;527.00
1;50;490;30881;276;5;"[52,15622,17510,18349,19608]";"[495,206258,221359,228665,232817]";"[65,276,276,276,276]";"[301,280,277,276,276]";4097.00;1812.00
1;50;490;29044;245;5;"[52,10964,12582,12861,13490]";"[495,159469,176798,179337,186380]";"[73,245,245,245,245]";"[273,254,248,245,245]";2289.00;1341.00
1;50;490;30664;203;4;"[52,11005,11570,12073]";"[496,154889,162011,168183]";"[57,203,203,203]";"[240,210,205,203]";1276.00;841.00
1;50;490;39833;214;6;"[52,15159,19937,24913,27791,28042]";"[495,193278,231554,280663,317362,318617]";"[85,206,206,214,214,214]";"[235,228,224,217,214,214]";8309.00;2808.00
1;50;490;44044;221;6;"[52,15872,19562,24037,29914,30333]";"[493,245327,288824,328312,374980,377443]";"[66,218,221,221,221,221]";"[251,238,232,227,224,221]";8435.00;3396.00
1;50;490;25067;275;4;"[52,11012,12794,13423]";"[495,156618,172888,178252]";"[87,275,275,275]";"[303,286,275,275]";1469.00;913.00
1;50;490;29626;270;9;"[52,12458,13995,14834,17353,17632,19205,19624,19983]";"[494,163322,176894,184698,213554,215842,231703,234499,236959]";"[117,270,270,270,270,270,270,270,270]";"[300,289,280,279,276,274,274,273,270]";6489.00;3555.00
1;50;490;33797;258;4;"[52,18046,22122,22401]";"[493,271560,313598,315021]";"[83,258,258,258]";"[272,261,258,258]";3874.00;1725.00
1;50;490;35803;230;4;"[52,13660,16706,17614]";"[494,174659,203406,211540]";"[66,230,230,230]";"[259,242,236,230]";2464.00;1138.00
1;50;490;40398;218;6;"[52,13051,14057,14896,17223,17537]";"[495,203222,213010,221175,234178,236411]";"[52,218,218,218,218,218]";"[249,226,219,219,218,218]";4085.00;2220.00
1;50;490;34845;234;6;"[52,14550,18830,19647,20906,23425]";"[494,182793,218187,224263,237891,286633]";"[58,232,232,234,234,234]";"[267,245,239,238,235,234]";5844.00;2406.00
1;50;490;36188;203;5;"[52,14956,17389,17813,19072]";"[495,194797,220081,225911,235321]";"[87,203,203,203,203]";"[228,216,208,207,203]";3548.00;1726.00
1;50;490;33832;245;3;"[52,13767,14719]";"[493,193972,201187]";"[106,237,245]";"[266,258,245]";1231.00;681.00
1;50;490;28938;238;5;"[52,11144,14650,16537,17948]";"[494,161296,195529,222231,232499]";"[61,238,238,238,238]";"[269,244,240,240,238]";3053.00;1580.00
1;50;490;28678;247;5;"[52,12743,15621,17032,18877]";"[496,183716,200409,209468,222012]";"[93,246,246,247,247]";"[270,250,249,249,247]";3286.00;1613.00
1;50;490;34098;258;5;"[52,14005,15482,16741,18000]";"[494,174457,189052,197249,205031]";"[70,258,258,258,258]";"[285,270,266,260,258]";2957.00;1514.00
1;50;490;35141;231;3;"[52,18443,19116]";"[494,210401,215676]";"[105,231,231]";"[255,239,231]";1784.00;755.00
1;50;490;46430;189;2;"[52,11743]";"[496,160260]";"[61,189]";"[203,189]";397.00;224.00
1;50;490;46697;168;10;"[52,7275,8637,10209,10838,16175,16234,16653,17386,18645]";"[494,104979,124310,143305,150650,252596,253117,257978,266664,280761]";"[68,168,168,168,168,129,129,129,128,134]";"[190,181,180,176,175,173,171,169,169,168]";6027.00;3743.00
1;50;490;30240;221;3;"[52,11930,13277]";"[495,187423,205630]";"[88,221,221]";"[241,225,221]";1080.00;645.00
1;50;490;37649;249;4;"[52,13858,17374,17688]";"[496,204645,230468,233734]";"[63,241,241,249]";"[278,256,249,249]";2623.00;1231.00
1;50;490;43143;193;4;"[52,15966,17398,18237]";"[496,215567,233000,245605]";"[74,193,193,193]";"[207,194,193,193]";2695.00;1302.00
1;50;490;38179;240;5;"[52,9658,14298,14657,15160]";"[496,150614,213269,217503,222562]";"[75,240,240,240,240]";"[265,245,242,241,240]";2438.00;1508.00
1;50;612;35665;278;3;"[52,23079,23438]";"[618,289955,292997]";"[86,278,278]";"[294,278,278]";3193.00;1096.00
1;50;612;31532;280;10;"[52,15415,17554,19314,19943,20572,21831,22670,23509,23823]";"[616,240004,256308,278390,281643,284527,294367,299133,306748,308381]";"[72,278,278,280,280,280,280,280,280,280]";"[323,294,286,282,282,282,281,281,280,280]";14055.00;5823.00
1;50;612;39974;290;3;"[52,11714,13056]";"[616,210235,225405]";"[107,290,290]";"[326,292,290]";1260.00;742.00
1;50;612;37337;313;2;"[52,12016]";"[616,192873]";"[126,313]";"[335,313]";458.00;280.00
1;50;612;45049;268;6;"[52,20987,21825,23587,24006,27783]";"[615,340907,349916,369774,374548,421193]";"[80,268,268,268,268,268]";"[305,276,273,272,270,268]";10592.00;3969.00
1;50;612;36904;226;6;"[52,10540,13084,15834,16337,20198]";"[616,186454,217016,246077,249982,309743]";"[93,223,226,226,226,226]";"[257,240,230,228,226,226]";5001.00;2453.00
1;50;612;35627;281;6;"[52,18468,22044,23556,23870,24134]";"[615,290960,335804,348893,350840,352132]";"[82,281,281,281,281,281]";"[311,296,289,285,281,281]";8823.00;3712.00
1;50;612;12203;288;5;"[52,7350,8331,8917,9839]";"[615,113479,120810,123915,127919]";"[95,288,288,288,288]";"[331,300,290,289,288]";1306.00;949.00
1;50;612;43646;257;6;"[52,14123,15696,16513,16932,17351]";"[615,252797,268147,278306,283023,288051]";"[112,253,257,257,257,257]";"[285,263,257,257,257,257]";5300.00;2761.00
1;50;612;35360;262;7;"[52,5048,6318,14309,14588,14707,15066]";"[618,83601,108896,280404,285212,286386,290777]";"[80,259,259,262,262,262,262]";"[295,270,265,263,262,262,262]";4144.00;2702.00
1;50;612;44477;252;4;"[52,18658,23298,23657]";"[616,309798,353554,356398]";"[80,241,252,252]";"[277,264,256,252]";5006.00;1986.00
1;50;612;34928;264;3;"[52,19975,22073]";"[615,304174,328777]";"[59,264,264]";"[299,267,264]";3139.00;1189.00
1;50;612;40216;241;5;"[52,11175,17210,23235,24494]";"[614,220087,296053,411475,428505]";"[101,237,241,241,241]";"[273,250,244,243,241]";5886.00;2726.00
1;50;612;37911;262;6;"[52,12616,12930,13559,15097,16859]";"[617,230650,233951,245665,265540,292953]";"[87,262,262,262,262,262]";"[296,276,272,269,264,262]";4402.00;2531.00
1;50;612;38763;280;7;"[52,18069,21576,22079,22708,23022,24490]";"[617,296709,357896,363953,371923,375719,385982]";"[85,280,280,280,280,280,280]";"[319,296,290,284,282,281,280]";10590.00;4691.00
1;50;612;31976;285;4;"[52,20825,22465,26731]";"[616,304472,318111,347708]";"[82,285,285,285]";"[328,298,295,285]";5134.00;2002.00
1;50;612;34601;291;9;"[52,20134,24050,24409,24723,25982,26821,27324,28897]";"[614,322628,350842,352932,353881,366622,376447,379135,392615]";"[80,290,291,291,291,291,291,291,291]";"[337,307,305,298,298,294,292,292,291]";16909.00;6823.00
1;50;612;40884;271;3;"[52,17946,20295]";"[615,339053,372634]";"[95,271,271]";"[298,274,271]";2695.00;1305.00
1;50;612;36128;209;8;"[52,15726,19248,20728,25433,28160,28789,29103]";"[615,277187,313582,330062,396765,426118,428901,430471]";"[72,209,209,209,209,209,209,209]";"[236,221,218,213,212,212,209,209]";15196.00;5768.00
1;50;612;38840;308;4;"[52,20736,20987,21346]";"[615,325887,327393,331045]";"[109,308,308,308]";"[338,311,311,308]";4258.00;1988.00
1;50;612;36208;255;3;"[52,17893,21260]";"[615,298347,340562]";"[73,249,255]";"[280,258,255]";2827.00;1179.00
1;50;612;30054;276;4;"[52,13792,16752,17255]";"[617,246659,298763,302321]";"[92,275,276,276]";"[297,281,277,276]";2979.00;1651.00
1;50;612;41606;219;9;"[52,14872,17361,18200,23741,25359,25988,26617,29415]";"[616,250812,274156,282583,358753,371741,376302,384263,414069]";"[79,211,219,219,219,219,219,219,219]";"[241,227,225,225,224,223,223,222,219]";15311.00;6071.00
1;50;612;32978;256;4;"[52,17330,17749,18378]";"[616,266017,271627,279379]";"[61,256,256,256]";"[286,260,256,256]";3322.00;1573.00
1;50;612;46369;231;5;"[52,25675,27142,30814,31233]";"[617,429393,443939,483109,486287]";"[82,231,231,231,231]";"[259,233,232,231,231]";10945.00;3948.00
1;50;612;43376;229;4;"[52,25229,28377,31525]";"[616,393691,427072,458704]";"[61,229,229,229]";"[256,233,230,229]";8508.00;2655.00
1;50;612;38479;233;6;"[52,12776,13446,15093,15218,15532]";"[615,224403,231669,256874,258374,261494]";"[75,233,233,233,233,233]";"[257,241,236,235,235,233]";4408.00;2536.00
1;50;612;30881;304;4;"[52,19197,20810,21229]";"[616,288448,302675,304770]";"[74,304,304,304]";"[338,318,306,304]";4572.00;1850.00
1;50;612;29044;290;3;"[52,10577,11729]";"[616,177537,190271]";"[81,290,290]";"[314,291,290]";914.00;623.00
1;50;612;30664;238;5;"[52,12451,14573,16614,17453]";"[617,211851,233793,262861,274984]";"[77,236,236,236,238]";"[270,250,242,238,238]";3541.00;1945.00
1;50;612;39833;254;11;"[52,12330,18168,18419,22556,25354,25857,26696,27199,28038,28457]";"[616,205951,270616,272624,321501,343401,346249,354746,358342,364828,368111]";"[85,254,254,254,254,254,254,254,254,254,254]";"[291,270,264,261,258,257,255,254,254,254,254]";20959.00;7362.00
1;50;612;44044;255;6;"[52,22629,25507,30314,30943,31697]";"[615,388354,423391,453826,458168,463970]";"[85,249,255,255,255,255]";"[281,271,262,258,257,255]";13935.00;4830.00
1;50;612;25067;297;4;"[52,12969,15170,16032]";"[615,202382,227618,236811]";"[92,297,297,297]";"[332,307,299,297]";2334.00;1288.00
1;50;612;29626;299;4;"[52,15429,16301,17838]";"[615,244511,251076,266594]";"[122,294,299,299]";"[328,309,304,299]";3010.00;1481.00
1;50;612;33797;351;6;"[52,20193,21702,23240,23869,25128]";"[614,350261,357535,366542,371314,377520]";"[103,351,351,351,351,351]";"[387,366,357,354,352,351]";9167.00;4002.00
1;50;612;35803;258;6;"[52,16789,17976,18884,20352,20771]";"[616,235155,246926,253374,273620,277804]";"[66,258,258,258,258,258]";"[288,266,260,259,258,258]";6919.00;2718.00
1;50;612;40398;229;4;"[52,13134,23016,26794]";"[617,244243,378830,445013]";"[55,229,229,229]";"[262,243,229,229]";5150.00;2031.00
1;50;612;34845;260;4;"[52,15143,19674,21436]";"[615,233714,277013,300618]";"[74,260,260,260]";"[289,271,262,260]";3968.00;1606.00
1;50;612;36188;235;3;"[52,16699,21148]";"[615,245804,296446]";"[87,235,235]";"[264,239,235]";2498.00;979.00
1;50;612;33832;287;7;"[52,15152,15989,16348,16662,18424,18738]";"[615,236635,245619,249083,252879,279118,280967]";"[136,287,287,287,287,287,287]";"[314,300,297,293,287,287,287]";6863.00;3332.00
1;50;612;28938;290;2;"[52,13605]";"[616,227916]";"[66,290]";"[323,290]";613.00;344.00
1;50;612;28678;268;6;"[52,10843,14534,16224,19184,19543]";"[618,210395,248506,264013,300716,302322]";"[93,267,267,268,268,268]";"[301,282,275,269,268,268]";5287.00;2754.00
1;50;612;34098;275;5;"[52,17813,23375,25976,26290]";"[615,262690,310647,331239,332307]";"[82,269,275,275,275]";"[304,295,281,275,275]";7371.00;2660.00
1;50;612;35141;288;7;"[52,17080,17394,17813,18378,20897,22973]";"[615,264231,267218,270431,276082,284266,306456]";"[117,288,288,288,288,288,288]";"[319,299,292,292,289,288,288]";7605.00;3553.00
1;50;612;46430;190;10;"[52,23143,27424,27843,28682,29521,29730,30149,30463,31092]";"[618,397159,456488,460786,474234,483379,485260,489829,492657,497399]";"[64,189,190,190,190,190,190,190,190,190]";"[216,199,196,194,194,192,192,192,191,190]";24135.00;9508.00
1;50;612;46697;214;5;"[52,11188,12068,13116,13295]";"[615,188751,199719,213251,214240]";"[68,214,214,214,214]";"[235,220,217,215,214]";2561.00;1619.00
1;50;612;30240;263;4;"[52,12398,16009,18259]";"[616,243014,283253,311192]";"[99,257,263,263]";"[291,272,265,263]";3091.00;1603.00
1;50;612;37649;298;7;"[52,23229,24007,24426,25055,25998,26312]";"[616,354542,360267,364657,368911,377758,378861]";"[74,298,298,298,298,298,298]";"[350,311,306,306,304,298,298]";13184.00;4986.00
1;50;612;43143;217;4;"[52,20779,22581,23210]";"[615,364471,383290,389408]";"[74,215,217,217]";"[239,226,217,217]";5380.00;2225.00
1;50;612;38179;315;3;"[52,19486,21584]";"[616,332954,356076]";"[100,315,315]";"[344,315,315]";2938.00;1291.00
1;50;816;35665;324;3;"[52,28895,29314]";"[819,463561,468483]";"[88,324,324]";"[346,326,324]";7061.00;1871.00
1;50;816;31532;327;5;"[52,19800,23197,24665,25924]";"[819,379178,407371,417012,428969]";"[85,327,327,327,327]";"[377,339,334,328,327]";9929.00;3594.00
1;50;816;39974;328;4;"[52,18677,23653,26172]";"[819,431739,526672,556226]";"[109,328,328,328]";"[365,344,328,328]";7714.00;3101.00
1;50;816;37337;337;4;"[52,21332,21583,22086]";"[820,409861,412622,419523]";"[126,337,337,337]";"[375,339,337,337]";5732.00;2534.00
1;50;816;45049;288;6;"[52,28290,30387,34584,34898,35317]";"[818,571839,611433,655285,657330,660581]";"[82,288,288,288,288,288]";"[327,296,292,290,290,288]";24056.00;7247.00
1;50;816;36904;293;8;"[52,20144,22282,23541,26060,28998,29312,29815]";"[818,443934,470089,480568,511016,531524,533827,536175]";"[97,293,293,293,293,293,293,293]";"[337,308,304,300,300,295,295,293]";21854.00;7840.00
1;50;816;35627;347;4;"[52,23277,25532,25891]";"[818,448666,470812,472874]";"[82,347,347,347]";"[383,351,347,347]";8434.00;2992.00
1;50;816;12203;322;7;"[52,8668,9729,10105,10691,10900,11004]";"[818,165388,176558,179311,183149,184704,184954]";"[135,322,322,322,322,322,322]";"[369,339,333,330,326,322,322]";3361.00;2291.00
1;50;816;43646;287;3;"[52,29587,32420]";"[818,500982,543534]";"[124,287,287]";"[321,294,287]";7654.00;2055.00
1;50;816;35360;325;6;"[52,6895,8096,18883,19330,20169]";"[821,145112,156524,426925,432267,476567]";"[111,325,325,317,325,325]";"[363,329,326,326,325,325]";6920.00;3377.00
1;50;816;44477;294;6;"[52,20863,30211,31050,32309,34828]";"[820,422175,532129,543030,568820,616675]";"[101,292,294,294,294,294]";"[332,307,299,297,294,294]";19447.00;5921.00
1;50;816;34928;333;3;"[52,26097,27295]";"[819,464260,479634]";"[69,333,333]";"[367,340,333]";5759.00;1877.00
1;50;816;40216;325;4;"[52,23760,27336,27839]";"[818,509217,573044,578183]";"[105,313,325,325]";"[367,334,328,325]";9510.00;3459.00
1;50;816;37911;313;5;"[52,20086,20400,21938,22357]";"[820,436095,439710,461727,464924]";"[103,313,313,313,313]";"[360,327,324,320,313]";9021.00;3847.00
1;50;816;38763;317;6;"[52,20948,24140,27078,27707,28546]";"[820,442562,511277,567065,570668,576845]";"[85,316,317,317,317,317]";"[359,338,322,321,320,317]";14643.00;5810.00
1;50;816;31976;328;5;"[52,25993,27022,27965,28804]";"[820,450573,458627,467603,476396]";"[137,326,328,328,328]";"[364,335,330,329,328]";13066.00;4206.00
1;50;816;34601;352;5;"[52,24586,26377,28896,29147]";"[818,481965,497161,510377,510879]";"[85,352,352,352,352]";"[403,367,363,354,352]";13057.00;4577.00
1;50;816;40884;311;6;"[52,25181,28562,30911,31270,31773]";"[818,615517,674813,705923,708410,711661]";"[111,311,311,311,311,311]";"[362,330,322,313,313,311]";19765.00;7745.00
1;50;816;36128;286;6;"[52,17534,19085,22233,26681,29198]";"[818,389905,409029,474684,550138,585027]";"[92,277,286,286,286,286]";"[325,300,299,295,288,286]";12839.00;5211.00
1;50;816;38840;338;4;"[52,24203,28195,28868]";"[819,457084,486398,491020]";"[109,338,338,338]";"[382,355,345,338]";9427.00;3073.00
1;50;816;36208;300;6;"[52,22955,30235,33032,33814,34233]";"[819,461566,541230,570661,574214,576646]";"[77,297,297,300,300,300]";"[337,314,307,304,303,300]";22113.00;6342.00
1;50;816;30054;347;5;"[52,24155,24933,25651,26010]";"[820,505234,510430,514036,515712]";"[119,345,345,345,347]";"[385,354,349,349,347]";11821.00;4526.00
1;50;816;41606;331;4;"[52,33193,34325,35943]";"[819,602760,612870,624060]";"[89,331,331,331]";"[384,343,338,331]";14625.00;3981.00
1;50;816;32978;341;3;"[52,23518,25135]";"[820,439233,457045]";"[90,341,341]";"[390,349,341]";4962.00;1748.00
1;50;816;46369;291;4;"[52,25764,31745,32164]";"[819,567818,644029,647362]";"[84,291,291,291]";"[326,300,297,291]";11847.00;3932.00
1;50;816;43376;257;6;"[52,28095,32291,32920,36221,37480]";"[819,527890,572926,577015,620515,633057]";"[66,250,257,257,257,257]";"[287,268,261,261,260,257]";23708.00;6711.00
1;50;816;38479;263;7;"[52,10764,11342,20153,20512,20691,21950]";"[819,224144,231325,435284,438753,440660,467968]";"[75,263,263,251,251,251,251]";"[291,268,265,265,265,264,263]";10191.00;4838.00
1;50;816;30881;356;4;"[52,23222,25045,27564]";"[818,421603,439444,478519]";"[101,349,356,356]";"[400,369,358,356]";8467.00;2899.00
1;50;816;29044;339;7;"[52,17060,17982,18970,19389,20062,20376]";"[819,353421,365831,379901,383940,390154,392088]";"[108,339,339,339,339,339,339]";"[380,349,342,341,340,339,339]";10596.00;5088.00
1;50;816;30664;325;7;"[52,14871,15710,17178,17429,19527,20030]";"[821,325698,333684,359351,361861,385148,390201]";"[111,325,325,325,325,325,325]";"[370,340,334,332,330,329,325]";9760.00;4668.00
1;50;816;39833;305;5;"[52,23604,24214,26733,28075]";"[818,505324,510931,544962,555983]";"[94,305,305,305,305]";"[349,315,311,310,305]";11939.00;4616.00
1;50;816;44044;319;6;"[52,26627,28933,30023,30526,30885]";"[819,554433,587636,603887,607848,609472]";"[90,317,319,319,319,319]";"[358,330,328,321,319,319]";19357.00;6508.00
1;50;816;25067;347;6;"[52,15164,18169,19719,20581,21210]";"[819,313909,347881,359627,367604,375463]";"[109,337,347,347,347,347]";"[396,365,356,349,347,347]";8962.00;3945.00
1;50;816;29626;394;4;"[52,18465,24096,25355]";"[818,395978,454495,474442]";"[156,394,394,394]";"[441,410,394,394]";7179.00;2770.00
1;50;816;33797;384;4;"[52,27396,29604,30023]";"[818,543353,564788,566912]";"[113,384,384,384]";"[434,394,386,384]";10681.00;3638.00
1;50;816;35803;322;4;"[52,21271,25684,28203]";"[818,376879,439004,499553]";"[85,322,322,322]";"[362,328,322,322]";8479.00;2769.00
1;50;816;40398;275;6;"[52,21561,30144,32663,33022,35541]";"[820,444332,577500,641715,644301,698312]";"[75,275,275,275,275,275]";"[310,289,281,276,275,275]";20941.00;6584.00
1;50;816;34845;311;4;"[52,23897,27701,29518]";"[819,428215,492595,509445]";"[87,311,311,311]";"[353,326,317,311]";9637.00;3041.00
1;50;816;36188;301;6;"[52,22697,26789,27628,29958,31576]";"[818,416583,489517,496250,517833,528574]";"[117,301,301,301,301,301]";"[337,312,309,302,301,301]";17292.00;5508.00
1;50;816;33832;325;4;"[52,18123,21594,25244]";"[819,348546,395426,438395]";"[136,323,325,325]";"[360,336,327,325]";6689.00;2447.00
1;50;816;28938;312;6;"[52,19014,23176,24608,25111,25950]";"[820,381320,423152,443609,445621,454304]";"[81,310,310,312,312,312]";"[360,339,323,313,312,312]";12845.00;4741.00
1;50;816;28678;314;4;"[52,15823,17054,18060]";"[821,334959,348629,359622]";"[93,314,314,314]";"[354,319,316,314]";4372.00;2067.00
1;50;816;34098;333;4;"[52,22627,25534,28261]";"[819,407830,436488,460772]";"[103,333,333,333]";"[370,347,335,333]";8439.00;2771.00
1;50;816;35141;343;4;"[52,18735,19574,22093]";"[818,376973,393537,405333]";"[121,343,343,343]";"[379,347,346,343]";5512.00;2396.00
1;50;816;46430;246;7;"[52,33279,34432,34851,36110,36949,37788]";"[819,615369,624805,627424,647266,655729,664451]";"[71,246,246,246,246,246,246]";"[281,253,252,250,247,247,246]";31848.00;9052.00
1;50;816;46697;244;7;"[52,24703,27309,28651,30329,32427,33266]";"[819,553631,592044,607916,625977,652572,659662]";"[68,244,244,244,244,244,244]";"[276,257,252,246,244,244,244]";23945.00;8374.00
1;50;816;30240;364;3;"[52,20132,20635]";"[819,443242,447441]";"[100,364,364]";"[416,364,364]";3875.00;1732.00
1;50;816;37649;361;4;"[52,23252,24511,25140]";"[819,457051,475186,481558]";"[102,361,361,361]";"[411,363,362,361]";8100.00;2916.00
1;50;816;43143;293;3;"[52,27783,32820]";"[818,598791,670242]";"[90,293,293]";"[324,299,293]";7845.00;2479.00
1;50;816;38179;350;4;"[52,25174,31890,32729]";"[818,508968,618657,631689]";"[107,350,350,350]";"[392,355,350,350]";11731.00;3746.00
1;100;1980;66038;434;14;"[102,29294,34443,38219,39267,40945,42349,43501,43815,44653,45912,48828,49816,50175]";"[1985,721403,816207,866441,886067,912316,927591,942891,947287,956200,979538,1038357,1051400,1052486]";"[138,432,432,432,432,432,434,434,434,434,434,434,434,434]";"[501,465,454,451,443,443,442,442,441,441,438,436,434,434]";70613.00;29500.00
1;100;1980;75128;383;11;"[102,27501,32477,36928,40228,45054,45727,46230,49378,49881,52400]";"[1984,781077,878304,983079,1048655,1138862,1145897,1152709,1240338,1247919,1284548]";"[82,378,383,383,383,383,383,383,383,383,383]";"[439,413,404,401,395,392,390,389,385,383,383]";59034.00;26673.00
1;100;1980;70903;520;5;"[102,30971,34984,37689,38807]";"[1985,836325,909455,964667,981818]";"[178,520,520,520,520]";"[588,535,525,523,520]";16771.00;8123.00
1;100;1980;83609;471;8;"[102,41460,43842,45040,47917,52955,53817,55749]";"[1982,1127789,1168864,1190071,1251644,1319181,1333981,1375983]";"[120,468,468,471,471,471,471,471]";"[527,497,487,486,478,473,471,471]";52249.00;21034.00
1;100;1980;67101;500;6;"[102,25180,27387,27638,31835,32149]";"[1985,651835,702763,707783,800494,805373]";"[137,500,500,500,500,500]";"[574,527,504,501,500,500]";15232.00;8137.00
1;100;1980;80983;383;8;"[102,26334,38787,39101,42290,43549,43968,46487]";"[1988,729611,1019880,1024276,1098453,1115846,1124517,1191523]";"[131,380,383,383,383,383,383,383]";"[434,410,390,387,386,386,384,383]";35575.00;16677.00
1;100;1980;68195;430;10;"[102,29080,32680,35092,40650,42159,44678,45517,46356,47550]";"[1987,762049,830711,873518,951151,972513,1019414,1033183,1048563,1058991]";"[110,427,427,427,427,427,427,427,427,430]";"[489,463,454,446,444,439,438,435,434,430]";49262.00;20571.00
1;100;1980;65884;453;8;"[102,29749,32615,36537,37795,39579,41676,43773]";"[1986,766832,827153,906836,931158,963300,1000789,1046120]";"[121,453,453,453,453,453,453,453]";"[531,477,467,463,456,456,454,453]";32007.00;15153.00
1;100;1980;78556;419;7;"[102,38209,41751,48863,49282,51044,51883]";"[1984,944238,1014689,1174633,1181565,1210101,1229478]";"[98,418,418,418,418,418,419]";"[481,445,429,421,419,419,419]";39335.00;15846.00
1;100;1980;76123;432;13;"[102,18096,23323,25299,30616,35903,36262,36621,37819,38238,39497,42959,43798]";"[1985,533558,677987,720020,831928,906013,912116,916846,941386,946525,966912,1011912,1034955]";"[98,432,432,432,432,432,432,432,432,432,432,432,432]";"[502,461,448,445,438,437,437,435,433,433,432,432,432]";49518.00;25159.00
1;100;1980;68996;407;9;"[102,26718,31027,34487,36079,36498,36917,37420,37779]";"[1986,701644,778536,841988,866556,872076,876993,887630,916741]";"[138,407,407,407,407,407,407,407,407]";"[472,427,424,418,414,414,412,411,407]";32266.00;15904.00
1;100;1980;71172;451;14;"[102,31479,38052,42960,44638,46176,46535,47038,48297,49136,49387,49666,50025,50339]";"[1984,904557,1003075,1097966,1123125,1144187,1149463,1156573,1173866,1182121,1184380,1186612,1190037,1192926]";"[135,451,451,451,451,451,451,451,451,451,451,451,451,451]";"[522,482,475,468,467,463,461,458,457,455,454,452,452,451]";83478.00;36008.00
1;100;1980;70246;422;8;"[102,26533,37862,40660,41540,42294,44391,46009]";"[1984,738592,1013579,1056556,1069237,1083119,1128655,1156596]";"[133,422,422,422,422,422,422,422]";"[479,441,436,430,427,423,423,422]";37826.00;17117.00
1;100;1980;76821;451;14;"[102,34016,37161,40776,42012,45797,47166,48425,48739,51258,52138,52767,53606,53857]";"[1984,917073,997948,1067394,1089066,1143317,1166301,1197641,1200670,1258140,1264963,1273852,1280839,1283349]";"[115,451,451,451,451,451,451,451,451,451,451,451,451,451]";"[522,485,479,471,467,463,461,459,459,457,455,454,453,451]";89110.00;38135.00
1;100;1980;72005;453;11;"[102,22529,29137,29765,33543,36062,36901,37404,39923,40762,43281]";"[1988,586730,738559,749117,793907,842701,851862,860748,946901,959133,1010078]";"[115,453,453,453,453,453,453,453,453,453,453]";"[514,484,465,460,459,458,457,455,455,453,453]";41178.00;19818.00
1;100;1980;77320;397;10;"[102,28262,39492,41546,42408,44610,45472,47821,48660,51179]";"[1987,731281,958307,991567,1002150,1044198,1054353,1078337,1084507,1115812]";"[121,395,397,397,397,397,397,397,397,397]";"[453,427,413,412,408,408,404,403,398,397]";52931.00;22250.00
1;100;1980;67688;484;7;"[102,24267,33797,37493,38122,38961,39590]";"[1986,653877,837514,903843,917958,933544,945008]";"[110,472,484,484,484,484,484]";"[555,500,493,492,489,488,484]";25393.00;12062.00
1;100;1980;77430;425;10;"[102,29545,37416,39765,42504,47856,48215,48494,51543,54069]";"[1985,827025,1002440,1054920,1106178,1197830,1200792,1204391,1249638,1290032]";"[127,425,425,425,425,425,425,425,425,425]";"[481,459,445,437,437,432,431,429,425,425]";58117.00;24636.00
1;100;1980;69795;482;7;"[102,36212,39370,41194,45726,46565,47697]";"[1985,955176,1005650,1030074,1109829,1122419,1138596]";"[102,473,476,482,482,482,482]";"[550,515,501,492,488,487,482]";36016.00;15252.00
1;100;1980;73244;436;14;"[102,33324,37167,40186,40605,41872,44894,47413,48755,49384,49635,52719,53978,55237]";"[1984,961604,1028251,1091738,1097052,1115751,1148344,1191643,1208641,1218523,1221284,1296824,1328814,1356953]";"[115,436,436,436,436,436,436,436,436,436,436,436,436,436]";"[507,458,448,444,444,441,441,440,439,439,438,437,436,436]";84283.00;38587.00
1;100;1980;70777;436;13;"[102,22418,27873,31209,33307,33666,35204,35623,36882,38503,39006,39845,40623]";"[1985,665984,763078,801846,830911,838126,870162,877698,893490,920540,929830,942722,953898]";"[101,436,436,436,436,436,436,436,436,436,436,436,436]";"[500,458,453,448,444,441,440,440,439,438,437,436,436]";49982.00;24665.00
1;100;1980;70883;474;9;"[102,31381,40949,42311,43429,44268,45107,47626,50145]";"[1985,838903,973710,991475,1006866,1016247,1030190,1064037,1110301]";"[116,474,474,474,474,474,474,474,474]";"[564,506,489,486,479,479,479,475,474]";46757.00;19286.00
1;100;1980;67216;472;5;"[102,23884,29532,30265,30894]";"[1984,670208,779721,792736,807806]";"[121,466,472,472,472]";"[536,477,472,472,472]";11672.00;6678.00
1;100;1980;71004;486;11;"[102,30109,31031,31870,33616,34455,34814,35694,35973,37463,39561]";"[1984,824214,839432,858860,893218,910452,918064,938038,941191,968373,999290]";"[111,486,486,486,486,486,486,486,486,486,486]";"[558,507,501,500,498,498,491,489,487,486,486]";41869.00;21693.00
1;100;1980;77228;421;17;"[102,23146,25307,31288,33050,33889,34877,37755,39293,40551,43349,45698,46957,49476,50735,53503,54762]";"[1984,714712,757176,879961,906322,921092,940261,1007183,1041838,1067011,1115821,1163073,1192376,1240184,1264096,1318331,1333147]";"[105,412,420,421,421,421,421,421,421,421,421,421,421,421,421,421,421]";"[487,446,433,433,432,431,430,429,428,426,426,424,422,422,422,422,421]";90525.00;41003.00
1;100;1980;81525;420;6;"[102,39361,43976,44815,45129,46176]";"[1985,1017901,1086581,1100340,1107436,1125627]";"[127,413,418,418,418,420]";"[471,429,425,422,420,420]";30297.00;12478.00
1;100;1980;71034;444;3;"[102,26663,36305]";"[1983,680221,861828]";"[102,430,444]";"[506,468,444]";6315.00;3040.00
1;100;1980;64669;420;5;"[102,25812,30368,31425,31676]";"[1986,654560,727328,748014,751528]";"[103,404,413,413,420]";"[471,439,424,420,420]";11812.00;6282.00
1;100;1980;77589;407;5;"[102,25214,35060,37577,37856]";"[1984,762123,966880,1016749,1019651]";"[145,407,407,407,407]";"[460,424,411,408,407]";15633.00;8231.00
1;100;1980;76517;479;15;"[102,33649,36385,37307,39383,43306,45142,46064,46903,48246,53284,54437,55276,55635,56894]";"[1986,928542,983768,1003961,1044317,1110703,1140862,1154423,1170911,1189836,1251221,1266120,1279597,1283580,1296133]";"[148,479,479,479,479,479,479,479,479,479,479,479,479,479,479]";"[539,509,500,496,494,492,486,485,485,484,483,482,481,479,479]";95358.00;40776.00
1;100;1980;69882;534;6;"[102,26358,34654,35283,37802,38305]";"[1983,739200,961196,973121,1021073,1028986]";"[120,527,534,534,534,534]";"[592,550,540,534,534,534]";21037.00;10936.00
1;100;1980;73050;453;8;"[102,28240,36576,42475,46971,47833,48336,48839]";"[1984,714128,918233,1038923,1119964,1132680,1139922,1144815]";"[106,453,453,453,453,453,453,453]";"[510,470,463,459,454,453,453,453]";39702.00;17075.00
1;100;1980;64397;483;8;"[102,26919,29424,36917,37756,41743,44262,44960]";"[1987,721993,763559,880249,891499,947325,978899,985901]";"[157,481,483,483,483,483,483,483]";"[548,507,497,489,487,487,486,483]";32213.00;14605.00
1;100;1980;70150;404;12;"[102,28809,35419,36509,37431,38353,39192,39471,39974,40692,40971,41923]";"[1985,818788,954524,975753,989653,1007931,1025631,1030374,1039793,1052938,1056314,1071657]";"[94,401,404,404,404,404,404,404,404,404,404,404]";"[455,425,419,419,417,416,410,406,405,405,404,404]";54265.00;26542.00
1;100;1980;62880;431;7;"[102,20791,24889,32530,34292,35131,35490]";"[1986,628083,733762,912504,933058,944909,948921]";"[104,423,431,431,431,431,431]";"[487,450,443,433,433,432,431]";21190.00;11626.00
1;100;1980;74814;403;9;"[102,24843,29482,31936,32439,35818,36321,37160,37439]";"[1984,700709,812015,861536,873719,949540,957802,975442,980213]";"[99,403,403,403,403,403,403,403,403]";"[454,421,416,410,405,405,404,404,403]";31721.00;16552.00
1;100;1980;73070;454;9;"[102,32209,38423,39914,40836,42034,42348,42977,43228]";"[1987,798806,905454,929004,940549,958251,961077,970814,974328]";"[109,454,454,454,454,454,454,454,454]";"[515,481,465,464,463,460,458,456,454]";40221.00;17914.00
1;100;1980;81556;436;7;"[102,28082,34490,36588,39107,39610,40029]";"[1986,837917,989301,1036337,1105911,1115662,1123478]";"[151,436,436,436,436,436,436]";"[483,445,440,439,437,436,436]";27643.00;14035.00
1;100;1980;69997;438;9;"[102,32942,39011,40583,41086,42667,45815,46174,46488]";"[1984,949405,1060695,1099578,1105443,1128437,1152587,1156410,1160150]";"[150,438,438,438,438,438,438,438,438]";"[504,467,448,448,444,441,440,438,438]";44862.00;21584.00
1;100;1980;72754;462;7;"[102,27320,29417,30256,31558,33489,36008]";"[1983,760979,809869,821852,843223,876608,907740]";"[112,462,462,462,462,462,462]";"[525,478,468,467,466,463,462]";21397.00;11437.00
1;100;1980;77496;456;6;"[102,37635,47706,51532,54553,55811]";"[1985,1048994,1185830,1223981,1269972,1291774]";"[153,450,452,452,456,456]";"[528,477,471,466,463,456]";37105.00;13586.00
1;100;1980;79275;410;15;"[102,28276,36141,44057,46448,49745,50248,53270,55158,58136,58415,60093,60722,61141,62400]";"[1983,745082,856247,1040302,1084631,1137369,1146090,1199297,1235822,1286478,1288738,1311127,1321227,1326398,1357190]";"[118,410,410,410,410,410,410,410,410,410,410,410,410,410,410]";"[480,445,441,433,424,420,420,420,419,415,415,414,412,410,410]";107739.00;41567.00
1;100;1980;77727;418;13;"[102,32332,35099,39925,40909,42167,45032,47910,48548,49806,50165,51424,54782]";"[1983,700065,757441,877042,896180,926344,969618,996913,1003872,1024466,1028135,1053028,1158353]";"[119,416,416,416,416,416,416,416,416,416,416,416,418]";"[487,444,437,435,431,429,425,425,425,422,421,419,418]";72392.00;27923.00
1;100;1980;84532;489;7;"[102,36869,44957,46215,49782,53140,53769]";"[1982,1086840,1215750,1238728,1280082,1308412,1313237]";"[116,479,489,489,489,489,489]";"[556,511,503,493,489,489,489]";42037.00;17562.00
1;100;1980;86784;433;6;"[102,48060,53092,59492,62325,64423]";"[1983,1159325,1270149,1383197,1436571,1470172]";"[117,421,421,433,433,433]";"[489,457,443,439,434,433]";47487.00;15918.00
1;100;1980;70433;468;10;"[102,29312,33796,35418,35837,40285,40704,41063,44085,44364]";"[1987,753221,870042,898076,906279,1007624,1013358,1018867,1098107,1100060]";"[130,467,467,467,467,468,468,468,468,468]";"[537,494,480,478,474,472,471,470,469,468]";43980.00;20580.00
1;100;1980;81556;414;6;"[102,30782,33509,42263,46040,50516]";"[1984,837474,896967,1137556,1220838,1307884]";"[113,414,414,414,414,414]";"[467,428,422,422,416,414]";28114.00;12164.00
1;100;1980;61418;486;6;"[102,23530,25670,27557,28186,28545]";"[1987,641350,683901,707071,724406,731945]";"[135,486,486,486,486,486]";"[546,508,500,496,490,486]";13436.00;7812.00
1;100;1980;68880;478;9;"[102,22501,25143,30817,32269,34995,36063,37432,39110]";"[1985,626093,685060,803398,826141,876071,890182,913306,947215]";"[138,478,478,478,478,478,478,478,478]";"[557,508,495,494,491,480,479,478,478]";30498.00;15457.00
1;100;1980;78172;380;7;"[102,30799,32919,34072,37953,40751,41030]";"[1985,755609,805276,833172,909327,960086,965136]";"[112,380,380,380,380,380,380]";"[436,397,392,390,385,382,380]";25702.00;11848.00
1;100;2475;66038;501;6;"[102,35224,46662,49429,50518,52300]";"[2479,1055415,1276862,1314869,1328590,1360127]";"[140,497,500,501,501,501]";"[579,525,510,504,503,501]";40793.00;15075.00
1;100;2475;75128;439;13;"[102,37655,40362,45485,49327,50270,53068,54830,55669,60707,61066,61905,62934]";"[2478,1335423,1388173,1499864,1558454,1570369,1599004,1629413,1642797,1712761,1716783,1723145,1731985]";"[102,434,434,439,439,439,439,439,439,439,439,439,439]";"[503,466,463,455,453,451,448,448,447,442,442,441,439]";130211.00;48387.00
1;100;2475;70903;605;5;"[102,39318,41667,45759,48006]";"[2480,1262228,1307242,1400835,1435591]";"[188,605,605,605,605]";"[687,620,607,606,605]";29771.00;12391.00
1;100;2475;83609;554;11;"[102,47993,51078,52624,58542,58901,61420,61923,65009,65368,65619]";"[2477,1519458,1581408,1606773,1792028,1797509,1859727,1868088,1940077,1943160,1945670]";"[124,554,554,554,554,554,554,554,554,554,554]";"[629,583,571,569,567,563,561,561,560,556,554]";125098.00;44862.00
1;100;2475;67101;559;8;"[102,29493,35408,37154,39672,40870,42129,42632]";"[2478,921867,1065383,1105954,1159744,1182782,1198569,1207807]";"[168,551,559,559,559,559,559,559]";"[641,587,580,577,565,561,561,559]";41945.00;18728.00
1;100;2475;80983;449;9;"[102,38068,46838,47895,50414,55392,55811,58330,59273]";"[2480,1134988,1380903,1402314,1475103,1616412,1625423,1704783,1724287]";"[151,449,449,449,449,449,449,449,449]";"[496,467,456,454,453,452,450,449,449]";79222.00;29214.00
1;100;2475;68195;495;10;"[102,37892,42823,45744,48263,48577,50149,54974,55253,57772]";"[2480,1227199,1344748,1404791,1447715,1451483,1475635,1533595,1536413,1573275]";"[123,493,493,495,495,495,495,495,495,495]";"[567,523,517,511,509,507,504,496,495,495]";85281.00;32372.00
1;100;2475;65884;538;10;"[102,35560,38185,42213,43891,45883,46973,48591,49850,50353]";"[2480,1049152,1102828,1174165,1214212,1255020,1268014,1312148,1335253,1342397]";"[127,538,538,538,538,538,538,538,538,538]";"[622,570,556,548,542,542,541,540,538,538]";67101.00;27236.00
1;100;2475;78556;466;7;"[102,34103,38681,41137,46426,46785,49304]";"[2479,1098006,1207764,1261229,1395312,1402178,1425428]";"[113,466,466,466,466,466,466]";"[529,489,475,470,466,466,466]";42932.00;18152.00
1;100;2475;76123;520;17;"[102,30737,36023,37875,39051,39680,42199,45221,46982,47611,47970,48329,49588,52107,54626,54940,55779]";"[2480,981408,1107572,1152505,1177882,1192514,1230059,1294162,1323035,1332097,1337231,1342759,1370717,1416546,1461927,1463952,1480873]";"[127,520,520,520,520,520,520,520,520,520,520,520,520,520,520,520,520]";"[603,554,542,538,536,534,531,527,525,523,523,523,522,522,521,521,520]";131386.00;52450.00
1;100;2475;68996;505;11;"[102,33153,36866,38698,41574,42936,43250,44508,47446,47976,51837]";"[2479,1005837,1093442,1124548,1178348,1198225,1202901,1225359,1271933,1279047,1373362]";"[138,505,505,505,505,505,505,505,505,505,505]";"[593,541,534,529,523,521,517,513,509,508,505]";70991.00;29421.00
1;100;2475;71172;520;13;"[102,36958,39917,41706,43407,44395,45177,46855,52396,53094,53723,54982,55611]";"[2478,1206888,1267612,1306442,1342333,1361680,1373997,1400106,1506085,1516249,1523922,1546247,1563084]";"[160,520,520,520,520,520,520,520,520,520,520,520,520]";"[592,552,542,540,533,525,525,525,522,521,521,520,520]";102344.00;42688.00
1;100;2475;70246;525;6;"[102,34004,38899,40974,42092,42972]";"[2479,1204668,1314767,1366777,1387009,1400255]";"[157,505,515,525,525,525]";"[585,538,534,530,529,525]";34401.00;15776.00
1;100;2475;76821;547;13;"[102,36669,41710,44229,45697,47654,47905,50738,51577,54096,54375,57253,57756]";"[2478,1192941,1362808,1405366,1438443,1484944,1487203,1565685,1576850,1627203,1631193,1716403,1722887]";"[144,547,547,547,547,547,547,547,547,547,547,547,547]";"[635,573,560,559,559,557,556,554,554,552,552,550,547]";109351.00;46535.00
1;100;2475;72005;532;9;"[102,29867,35323,38345,40526,41365,43884,44513,45142]";"[2481,941706,1083518,1122255,1170137,1188558,1252226,1265314,1285356]";"[123,532,532,532,532,532,532,532,532]";"[595,547,543,539,535,533,532,532,532]";52315.00;22592.00
1;100;2475;77320;508;8;"[102,34127,38707,40153,42251,42754,43068,47243]";"[2479,1091156,1206896,1235879,1280224,1286400,1290859,1379906]";"[125,508,508,508,508,508,508,508]";"[579,532,521,520,513,512,511,508]";46300.00;21011.00
1;100;2475;67688;512;13;"[102,29173,33329,40380,41218,43503,46381,47792,48631,49260,49889,50728,51042]";"[2480,961169,1064828,1238642,1253550,1282620,1309488,1325908,1339570,1351643,1360124,1380707,1382983]";"[124,503,511,511,511,512,512,512,512,512,512,512,512]";"[597,557,537,531,525,524,523,522,518,518,518,515,512]";95598.00;38072.00
1;100;2475;77430;505;11;"[102,33713,42584,44392,46010,50417,51256,52515,55034,57553,59231]";"[2478,1175003,1383968,1416041,1459174,1583245,1603938,1636782,1671204,1726260,1763558]";"[199,490,505,505,505,505,505,505,505,505,505]";"[576,546,524,516,514,511,507,507,505,505,505]";95992.00;38893.00
1;100;2475;69795;500;9;"[102,35102,40985,45517,47070,48832,49838,50677,51516]";"[2480,1174857,1303718,1357070,1384445,1420466,1437991,1452237,1464339]";"[129,491,500,500,500,500,500,500,500]";"[576,538,527,519,512,506,503,503,500]";67357.00;27517.00
1;100;2475;73244;488;10;"[102,34793,38615,41552,45978,46900,47654,48013,48292,49551]";"[2479,1214797,1316171,1382351,1523870,1540217,1549629,1553964,1558456,1593129]";"[134,480,488,488,488,488,488,488,488,488]";"[549,510,500,495,495,492,491,491,489,488]";71166.00;32869.00
1;100;2475;70777;490;7;"[102,28415,34457,37393,38232,41380,41883]";"[2480,963953,1074434,1140049,1156266,1194654,1204208]";"[111,490,490,490,490,490,490]";"[558,500,497,493,492,491,490]";34847.00;15952.00
1;100;2475;70883;554;7;"[102,32848,40459,44466,45374,46107,47365]";"[2478,998280,1216310,1285304,1296243,1305374,1331225]";"[147,554,554,554,554,554,554]";"[643,584,569,567,564,554,554]";41891.00;17797.00
1;100;2475;67216;502;11;"[102,26833,30749,39423,40205,41253,44231,45993,47146,47565,50291]";"[2479,929735,1027489,1192998,1203788,1220022,1272920,1313729,1345342,1351341,1375241]";"[138,501,502,502,502,502,502,502,502,502,502]";"[580,530,520,513,508,508,507,506,502,502,502]";70187.00;30184.00
1;100;2475;71004;561;5;"[102,32231,34654,36415,38872]";"[2479,1136383,1195534,1233126,1287668]";"[143,561,561,561,561]";"[630,572,571,562,561]";21495.00;10855.00
1;100;2475;77228;494;9;"[102,33344,37539,40417,40696,41558,44706,45335,50245]";"[2479,1162442,1256880,1352572,1357929,1371558,1460392,1470957,1530785]";"[128,494,494,494,494,494,494,494,494]";"[567,513,499,499,497,497,496,494,494]";57449.00;26538.00
1;100;2475;81525;479;8;"[102,40270,48329,50531,52103,55819,56133,57274]";"[2480,1267654,1442034,1500687,1531481,1630442,1632996,1648560]";"[127,472,472,478,478,479,479,479]";"[542,503,494,489,489,480,480,479]";70683.00;25754.00
1;100;2475;71034;499;13;"[102,27585,32663,33333,36338,38857,40116,40475,40978,43748,45928,46431,47060]";"[2478,897463,1013599,1027996,1091571,1131423,1155846,1162928,1170012,1242376,1278311,1284355,1296184]";"[104,499,499,499,499,499,499,499,499,499,499,499,499]";"[578,538,519,516,513,509,507,506,504,504,501,501,499]";75549.00;33909.00
1;100;2475;64669;520;13;"[102,26879,29373,32393,33594,34483,35825,36664,37923,38929,41807,47348,49867]";"[2478,841304,907778,986556,1013178,1026898,1041223,1055045,1083770,1099445,1141469,1267676,1295626]";"[141,520,520,520,520,520,520,520,520,520,520,520,520]";"[585,547,539,530,526,525,524,524,524,524,522,521,520]";68477.00;31209.00
1;100;2475;77589;468;11;"[102,26512,32406,39693,42210,42489,46476,46895,54954,55793,58312]";"[2479,937651,1098418,1275179,1331661,1335121,1411679,1417300,1651353,1663742,1736066]";"[155,468,468,468,468,468,468,468,468,468,468]";"[545,508,499,490,485,485,482,480,477,468,468]";82256.00;34087.00
1;100;2475;76517;541;17;"[102,39600,42676,46873,48215,48969,54600,55753,57064,59583,59942,60301,62820,63553,63972,64331,65590]";"[2479,1283536,1360418,1462594,1496684,1514240,1641377,1657747,1673988,1706971,1711045,1714185,1745867,1753149,1756940,1759926,1775869]";"[154,541,541,541,541,541,541,541,541,541,541,541,541,541,541,541,541]";"[610,572,567,559,557,556,554,553,552,550,548,546,545,545,545,543,541]";185055.00;68188.00
1;100;2475;69882;587;7;"[102,34278,37552,40853,41715,42974,44592]";"[2478,1106662,1172115,1272600,1286654,1309075,1334505]";"[156,581,587,587,587,587,587]";"[655,607,599,592,589,589,587]";39693.00;18038.00
1;100;2475;73050;527;7;"[102,41069,43464,45813,46316,46675,47934]";"[2478,1272872,1322070,1365808,1374203,1382120,1405847]";"[117,516,524,527,527,527,527]";"[593,538,532,528,528,527,527]";46593.00;19487.00
1;100;2475;64397;567;7;"[102,31823,37901,41968,43477,44609,47128]";"[2479,954209,1095462,1186824,1217255,1231065,1255946]";"[159,567,567,567,567,567,567]";"[652,595,582,571,569,568,567]";39896.00;16514.00
1;100;2475;70150;498;15;"[102,30837,39488,44547,48325,49457,49736,50575,51497,52756,55275,56114,56533,56784,57623]";"[2478,1086556,1256463,1313297,1369358,1383925,1387552,1400996,1410325,1442984,1503569,1515134,1518835,1521345,1531424]";"[113,498,498,498,498,498,498,498,498,498,498,498,498,498,498]";"[562,512,503,503,502,501,501,501,500,500,500,500,498,498,498]";132098.00;50481.00
1;100;2475;62880;494;7;"[102,29657,38043,40271,41806,42982,44660]";"[2479,1062072,1278212,1307940,1332290,1351395,1382281]";"[114,486,486,486,494,494,494]";"[570,524,518,509,507,496,494]";39388.00;18398.00
1;100;2475;74814;531;19;"[102,30354,33650,37637,42402,48025,48444,50963,51466,52725,53354,53983,54822,55451,56080,56919,57758,58597,59100]";"[2479,1011432,1102665,1206982,1290928,1390534,1397295,1435590,1444285,1471319,1481898,1492573,1505429,1514511,1523229,1530589,1541480,1556680,1562432]";"[129,531,531,531,531,531,531,531,531,531,531,531,531,531,531,531,531,531,531]";"[613,567,558,554,551,545,544,544,543,543,539,537,537,535,535,534,533,532,531]";171207.00;65875.00
1;100;2475;73070;509;16;"[102,30136,38717,40190,41343,42182,44701,45330,49108,50030,50389,51647,52486,53159,55678,58197]";"[2482,973744,1212798,1242831,1265800,1282350,1342651,1354111,1414013,1424177,1428565,1450918,1466369,1471770,1493746,1525495]";"[130,504,504,504,509,509,509,509,509,509,509,509,509,509,509,509]";"[589,542,534,528,528,527,520,519,518,514,512,511,511,511,511,509]";125341.00;51980.00
1;100;2475;81556;526;20;"[102,44531,51244,54391,56910,57548,57967,58246,59085,59504,62023,63282,64288,65196,67715,68344,68623,68937,69216,70055]";"[2480,1279395,1413517,1477040,1539473,1548565,1554417,1556370,1568953,1574950,1653896,1681619,1696192,1702707,1787448,1791697,1794292,1796240,1798277,1802560]";"[156,526,526,526,526,526,526,526,526,526,526,526,526,526,526,526,526,526,526,526]";"[605,560,550,547,542,542,539,538,536,535,534,533,532,532,530,530,530,527,527,526]";257760.00;82135.00
1;100;2475;69997;513;11;"[102,33594,40458,43142,44064,44903,45406,46035,47125,47439,48068]";"[2479,1214335,1408074,1464075,1481073,1494456,1503643,1514794,1530068,1533376,1543128]";"[159,513,513,513,513,513,513,513,513,513,513]";"[592,540,523,520,516,514,514,514,514,514,513]";79819.00;37031.00
1;100;2475;72754;532;13;"[102,36119,41658,42984,47120,47749,48588,49007,49366,50205,50484,50798,51637]";"[2478,1112404,1222886,1242312,1352957,1361589,1374196,1380564,1385391,1403542,1406611,1410630,1427078]";"[126,532,532,532,532,532,532,532,532,532,532,532,532]";"[615,572,561,557,550,550,544,544,543,537,534,534,532]";99936.00;40829.00
1;100;2475;77496;510;9;"[102,42659,51409,54639,55547,59575,60414,62933,63184]";"[2480,1329840,1564119,1631455,1645144,1669518,1682237,1740649,1744163]";"[156,498,510,510,510,510,510,510,510]";"[599,532,521,518,513,512,512,512,510]";92347.00;32028.00
1;100;2475;79275;470;5;"[102,29712,39153,42641,46926]";"[2478,965988,1185857,1246561,1367483]";"[137,440,450,470,470]";"[521,485,480,475,470]";24642.00;10645.00
1;100;2475;77727;499;10;"[102,38388,41183,43220,47066,47695,48534,54480,56999,57838]";"[2478,1133983,1185863,1224094,1285027,1295345,1310924,1433645,1462868,1485098]";"[140,497,497,499,499,499,499,499,499,499]";"[577,525,519,505,503,503,503,502,499,499]";78399.00;29219.00
1;100;2475;84532;535;12;"[102,43972,48377,52187,54828,58186,61693,61972,63734,66612,67871,70390]";"[2477,1403235,1488625,1612962,1660634,1701451,1749763,1752804,1777014,1849164,1877082,1904280]";"[140,535,535,535,535,535,535,535,535,535,535,535]";"[622,572,557,553,550,545,541,538,537,535,535,535]";135907.00;47622.00
1;100;2475;86784;483;6;"[102,50210,56583,60149,60966,62014]";"[2477,1510729,1638311,1714470,1724241,1737085]";"[139,479,483,483,483,483]";"[553,509,489,484,483,483]";58895.00;19921.00
1;100;2475;70433;553;6;"[102,35085,44849,45268,45906,48425]";"[2480,1122187,1320872,1329101,1339736,1413265]";"[155,544,553,553,553,553]";"[626,565,560,557,555,553]";36169.00;15462.00
1;100;2475;81556;490;12;"[102,37545,47266,49785,51127,53653,54012,55354,55857,56216,56635,57138]";"[2478,1157597,1467392,1532162,1567180,1625798,1631882,1654900,1664569,1669524,1676079,1683303]";"[144,483,490,490,490,490,490,490,490,490,490,490]";"[550,509,505,503,503,500,497,495,493,492,490,490]";109689.00;44115.00
1;100;2475;61418;558;6;"[102,28867,30043,33694,35245,36084]";"[2479,873551,905980,956928,983954,996923]";"[161,542,558,558,558,558]";"[613,569,562,562,560,558]";21919.00;10920.00
1;100;2475;68880;558;20;"[102,26372,32431,34642,34956,36154,38673,39932,40605,41024,42283,42534,42785,45304,47822,50341,50592,51095,51346,51625]";"[2478,872397,1046346,1091845,1097218,1119141,1177802,1192204,1203260,1207701,1235357,1238118,1240628,1306473,1346318,1427004,1429765,1436468,1437723,1440458]";"[160,558,558,558,558,558,558,558,558,558,558,558,558,558,558,558,558,558,558,558]";"[638,584,577,574,569,568,565,564,563,562,562,562,561,560,560,560,560,560,558,558]";136048.00;60805.00
1;100;2475;78172;461;11;"[102,32754,41599,48149,51506,51757,52596,55115,57634,58053,58682]";"[2479,1102100,1253978,1387744,1462109,1464368,1480090,1527441,1583524,1590481,1596765]";"[119,461,461,461,461,461,461,461,461,461,461]";"[532,493,482,481,479,472,468,463,463,461,461]";99368.00;35340.00
1;100;3300;66038;586;12;"[102,44464,46999,49629,51180,51790,55252,58085,59238,61757,62386,62637]";"[3302,1695016,1746716,1808486,1835263,1843704,1895551,1939606,1946310,1980855,1991766,1993021]";"[154,584,586,586,586,586,586,586,586,586,586,586]";"[694,635,619,604,601,597,594,594,591,588,588,586]";160588.00;51855.00
1;100;3300;75128;588;6;"[102,49482,51287,54476,55258,58362]";"[3302,2063689,2096738,2168062,2179372,2229924]";"[142,575,588,588,588,588]";"[669,613,605,595,593,588]";71331.00;24349.00
1;100;3300;70903;700;6;"[102,47612,50757,57455,57874,59133]";"[3303,1947231,2014075,2090158,2094544,2121235]";"[201,693,700,700,700,700]";"[808,726,712,706,704,700]";70987.00;23345.00
1;100;3300;83609;622;11;"[102,59007,63287,65744,72040,72669,73028,73657,73908,77056,77415]";"[3302,2269084,2361810,2412425,2558978,2567368,2571681,2586071,2587577,2695142,2698001]";"[158,617,622,622,622,622,622,622,622,622,622]";"[724,674,649,640,637,632,630,628,627,626,622]";225180.00;60214.00
1;100;3300;67101;635;12;"[102,38071,40970,43537,46264,48431,50950,51789,52628,53131,54390,55229]";"[3302,1514680,1593409,1676119,1737497,1792804,1872282,1888688,1911292,1918261,1966583,1989064]";"[188,631,635,635,635,635,635,635,635,635,635,635]";"[732,677,663,657,655,645,645,643,641,639,637,635]";133749.00;51045.00
1;100;3300;80983;554;8;"[102,53053,56893,59328,63945,65483,65902,66321]";"[3303,2018247,2117904,2157660,2276269,2298824,2305124,2310453]";"[155,542,542,554,554,554,554,554]";"[622,579,565,559,558,557,554,554]";123391.00;39390.00
1;100;3300;68195;643;14;"[102,45866,51655,54453,55396,55815,56318,57157,57471,58730,59569,60408,62927,63766]";"[3304,1827231,1942342,1982584,1995353,2001104,2005174,2013202,2016091,2033834,2045947,2052811,2101699,2119072]";"[160,635,643,643,643,643,643,643,643,643,643,643,643,643]";"[739,666,661,659,655,651,650,647,647,646,646,646,643,643]";203459.00;61942.00
1;100;3300;65884;653;7;"[102,43729,45641,50885,52983,54242,55081]";"[3304,1671315,1709502,1811630,1854942,1893937,1918646]";"[143,638,653,653,653,653,653]";"[744,685,667,660,659,653,653]";73854.00;25007.00
1;100;3300;78556;580;7;"[102,54934,60891,67710,68129,68739,69661]";"[3303,2109079,2251869,2387231,2391349,2395942,2407629]";"[141,580,580,580,580,580,580]";"[680,618,607,587,585,583,580]";113784.00;33254.00
1;100;3300;76123;587;14;"[102,40029,43366,44372,46470,47143,48761,54302,56821,58331,60850,63369,65131,65970]";"[3305,1556548,1638648,1658831,1714850,1726466,1770855,1920842,1966901,2013768,2099885,2152719,2189590,2211554]";"[155,587,587,587,587,587,587,587,587,587,587,587,587,587]";"[684,616,600,599,598,596,592,590,588,588,588,588,587,587]";183620.00;62701.00
1;100;3300;68996;649;10;"[102,44868,52462,56175,58062,58691,59005,62153,62656,63015]";"[3304,1690704,1838951,1935874,1970519,1982606,1985901,2053973,2061524,2065473]";"[157,647,647,647,649,649,649,649,649,649]";"[758,691,678,665,659,659,656,655,650,649]";137866.00;41349.00
1;100;3300;71172;699;4;"[102,41960,47920,49996]";"[3303,1703273,1885776,1931811]";"[225,699,699,699]";"[780,713,700,699]";31513.00;12118.00
1;100;3300;70246;626;12;"[102,43084,48046,51404,52663,56021,56335,57845,58474,59733,60572,61831]";"[3303,1779994,1879314,2006215,2039857,2137756,2139864,2184710,2193908,2216394,2228680,2258053]";"[185,624,626,626,626,626,626,626,626,626,626,626]";"[744,682,658,648,645,644,636,636,636,636,626,626]";165324.00;55681.00
1;100;3300;76821;699;6;"[102,49980,54496,58063,58482,59110]";"[3302,2071716,2146582,2273399,2280619,2288256]";"[171,691,699,699,699,699]";"[804,717,705,705,699,699]";74200.00;25108.00
1;100;3300;72005;653;8;"[102,44488,47792,50813,54591,55597,57275,58114]";"[3303,1588598,1677616,1746003,1882235,1902066,1931725,1940252]";"[134,646,653,653,653,653,653,653]";"[757,683,669,663,660,658,657,653]";92804.00;29423.00
1;100;3300;77320;602;8;"[102,48763,53841,58603,61122,61625,64503,67525]";"[3302,1877831,1951774,2010949,2078171,2087169,2159790,2233852]";"[161,591,597,602,602,602,602,602]";"[683,627,613,606,605,604,603,602]";114300.00;33387.00
1;100;3300;67688;613;9;"[102,43153,51718,53815,55493,56103,57571,58410,58829]";"[3303,1627021,1852276,1897580,1940861,1945791,1968993,1981280,1987481]";"[138,605,613,613,613,613,613,613,613]";"[708,647,626,623,622,621,618,613,613]";112838.00;38733.00
1;100;3300;77430;612;9;"[102,45823,49489,55786,57988,61136,65146,66008,66287]";"[3302,1965021,2052267,2196541,2235103,2292356,2375616,2383186,2385363]";"[218,612,612,612,612,612,612,612,612]";"[702,654,629,627,623,620,617,614,612]";130392.00;43028.00
1;100;3300;69795;608;13;"[102,40975,47760,51032,54749,57878,59137,59640,60982,61341,62180,64699,65202]";"[3303,1661093,1813981,1881510,1922205,2008639,2039697,2048122,2064392,2067265,2084754,2144513,2152448]";"[157,598,605,608,608,608,608,608,608,608,608,608,608]";"[695,653,647,635,630,626,624,621,619,615,611,610,608]";189153.00;60385.00
1;100;3300;73244;638;4;"[102,49799,52609,54811]";"[3304,1965492,2039776,2074064]";"[181,623,625,638]";"[727,657,644,638]";38967.00;13517.00
1;100;3300;70777;540;15;"[102,40049,47166,49207,49905,50408,52926,54185,55024,56283,58802,59053,59933,60436,60939]";"[3303,1506857,1665041,1708221,1720145,1729300,1764649,1789625,1800479,1818253,1853607,1856368,1875267,1882269,1889172]";"[128,540,540,540,540,540,540,540,540,540,540,540,540,540,540]";"[631,572,556,552,546,544,544,543,542,541,540,540,540,540,540]";196338.00;64163.00
1;100;3300;70883;652;9;"[102,46390,51892,53410,55447,57125,61322,61601,62970]";"[3303,1778197,1956139,1982194,2015686,2060958,2174165,2176425,2186090]";"[162,652,652,652,652,652,652,652,652]";"[760,688,671,666,666,656,653,653,652]";120128.00;39668.00
1;100;3300;67216;574;9;"[102,34225,40475,45161,46110,47578,48836,49150,50303]";"[3304,1429309,1624756,1712171,1726668,1762223,1786215,1790151,1824776]";"[155,571,574,574,574,574,574,574,574]";"[672,611,601,592,589,587,586,582,574]";86732.00;34409.00
1;100;3300;71004;681;7;"[102,42612,48115,53392,55490,56412,59770]";"[3303,1727746,1905540,1984911,2034994,2046269,2164335]";"[188,681,681,681,681,681,681]";"[796,718,707,698,687,684,681]";81096.00;27247.00
1;100;3300;77228;588;8;"[102,40220,50423,51914,55971,58490,60317,62079]";"[3304,1833093,2115261,2145880,2216987,2276884,2313538,2345047]";"[147,578,588,588,588,588,588,588]";"[676,618,607,595,595,593,589,588]";104327.00;37247.00
1;100;3300;81525;584;15;"[102,51462,59060,60989,65815,66654,67283,67597,68016,69275,70114,70953,71623,74142,76661]";"[3305,1996842,2185760,2227179,2386945,2407370,2420974,2424219,2430728,2472375,2486875,2509537,2517010,2611218,2700487]";"[130,584,584,584,584,584,584,584,584,584,584,584,584,584,584]";"[678,628,614,602,602,592,592,590,590,590,590,588,588,585,584]";293707.00;88619.00
1;100;3300;71034;661;11;"[102,51110,55697,57836,60858,61636,62139,62642,63271,63900,64319]";"[3302,1936846,2031848,2084399,2166684,2175250,2181407,2187719,2192195,2196540,2198923]";"[133,661,661,661,661,661,661,661,661,661,661]";"[785,710,694,694,682,675,675,667,663,662,661]";171064.00;50747.00
1;100;3300;64669;611;12;"[102,33658,37243,43539,44628,46766,48444,48947,51825,52664,55183,56442]";"[3302,1358757,1454803,1610247,1628209,1669952,1691985,1697615,1737969,1751451,1778424,1793679]";"[186,608,610,611,611,611,611,611,611,611,611,611]";"[695,647,637,633,633,630,628,619,619,614,612,611]";126994.00;44415.00
1;100;3300;77589;545;14;"[102,31478,34393,42285,47321,49217,52155,54485,57283,57981,59240,61759,62038,62877]";"[3303,1411807,1479535,1744868,1879845,1923049,2017707,2051677,2144739,2152734,2177086,2269126,2271526,2290141]";"[168,545,545,545,545,545,545,545,545,545,545,545,545,545]";"[642,579,569,566,563,558,553,552,548,547,546,545,545,545]";180682.00;66286.00
1;100;3300;76517;608;7;"[102,50253,56259,59368,65117,65476,67995]";"[3303,2056375,2193801,2249925,2365085,2366788,2441042]";"[174,608,608,608,608,608,608]";"[708,647,633,623,611,610,608]";103680.00;32571.00
1;100;3300;69882;663;12;"[102,36577,39537,41927,43815,44444,47466,51244,51523,52362,52865,53494]";"[3302,1517926,1600797,1676422,1735214,1751558,1873945,1929612,1933267,1955364,1962582,1974078]";"[179,663,663,663,663,663,663,663,663,663,663,663]";"[764,700,687,676,676,672,668,668,665,664,664,663]";126108.00;46926.00
1;100;3300;73050;620;4;"[102,50362,54621,56509]";"[3303,2025863,2133394,2195807]";"[136,614,620,620]";"[711,641,627,620]";41437.00;14019.00
1;100;3300;64397;657;8;"[102,37789,42224,45244,46442,48330,49000,51938]";"[3303,1463209,1564376,1648515,1670896,1734751,1741510,1788713]";"[173,657,657,657,657,657,657,657]";"[755,698,673,665,661,659,659,657]";74629.00;27303.00
1;100;3300;70150;585;7;"[102,43346,48495,49613,52490,53832,55091]";"[3302,1795776,1912704,1940226,2012558,2032416,2054958]";"[136,578,585,585,585,585,585]";"[665,601,596,590,588,586,585]";75600.00;26968.00
1;100;3300;62880;605;8;"[102,32109,37059,38738,40590,44577,48083,50961]";"[3303,1464864,1621004,1656136,1711018,1845563,1925955,1989335]";"[147,605,605,605,605,605,605,605]";"[709,643,632,616,616,612,611,605]";66530.00;29845.00
1;100;3300;74814;608;8;"[102,45861,52598,54005,57783,59881,61139,64917]";"[3303,1852084,2004848,2029597,2150300,2203387,2223067,2282539]";"[152,608,608,608,608,608,608,608]";"[699,650,637,633,630,621,609,608]";107851.00;34731.00
1;100;3300;73070;621;5;"[102,43589,50262,55952,56311]";"[3305,1701501,1861353,2040337,2046224]";"[180,612,621,621,621]";"[705,651,636,628,621]";50860.00;18047.00
1;100;3300;81556;598;8;"[102,56852,61396,66853,67830,68773,70032,70391]";"[3302,2095546,2181027,2317432,2328486,2338115,2371037,2372347]";"[163,592,592,592,598,598,598,598]";"[686,627,614,607,604,599,599,598]";137773.00;37445.00
1;100;3300;69997;645;9;"[102,42486,50844,52143,53925,54554,56442,57281,57910]";"[3303,1955592,2212221,2233238,2269231,2282094,2312280,2326815,2337860]";"[197,641,645,645,645,645,645,645,645]";"[748,681,665,658,653,649,646,645,645]";116946.00;42650.00
1;100;3300;72754;632;7;"[102,48423,49480,53730,58220,61578,61997]";"[3303,1917650,1934159,2100692,2187971,2282826,2286175]";"[166,632,632,632,632,632,632]";"[724,659,656,650,644,634,632]";88795.00;29771.00
1;100;3300;77496;613;6;"[102,51812,56594,60245,65281,68303]";"[3304,2094753,2152587,2246033,2330789,2399005]";"[158,613,613,613,613,613]";"[729,649,635,625,618,613]";82656.00;25854.00
1;100;3300;79275;595;11;"[102,40207,50049,57334,63211,63714,64973,65252,68274,69136,69415]";"[3303,1697807,1932409,2092879,2277136,2284888,2303522,2306703,2394214,2403945,2405926]";"[156,595,595,595,595,595,595,595,595,595,595]";"[700,632,623,618,615,607,606,605,603,599,595]";175587.00;56797.00
1;100;3300;77727;607;8;"[102,54291,63614,64476,65734,71401,71760,72179]";"[3302,2058260,2267773,2282348,2300081,2433093,2434950,2436998]";"[157,607,607,607,607,607,607,607]";"[696,653,625,622,613,608,607,607]";137885.00;38126.00
1;100;3300;84532;633;7;"[102,44776,52357,56748,64305,67767,69445]";"[3302,1936658,2182644,2295397,2510885,2575058,2604505]";"[166,631,631,633,633,633,633]";"[721,678,658,646,639,635,633]";100006.00;32618.00
1;100;3300;86784;579;6;"[102,57132,60592,61745,62584,63423]";"[3302,2226966,2317788,2340140,2356768,2370259]";"[150,555,579,579,579,579]";"[658,596,585,582,582,579]";87168.00;26276.00
1;100;3300;70433;707;8;"[102,50171,51010,54122,59160,59579,59893,60312]";"[3303,1945819,1970221,2097700,2197927,2203616,2207035,2213098]";"[213,707,707,707,707,707,707,707]";"[809,725,724,715,713,708,707,707]";105400.00;34423.00
1;100;3300;81556;582;15;"[102,46532,55039,56275,57092,57511,60449,62294,64813,65735,66154,68672,69301,70140,70643]";"[3302,1913520,2140657,2162018,2173127,2177801,2301954,2325554,2365741,2377692,2382527,2410508,2414398,2425794,2433905]";"[169,582,582,582,582,582,582,582,582,582,582,582,582,582,582]";"[682,614,604,600,594,591,589,588,587,586,586,586,583,582,582]";260068.00;84563.00
1;100;3300;61418;628;5;"[102,35625,39552,41650,42279]";"[3303,1392905,1499784,1572677,1589009]";"[189,628,628,628,628]";"[717,640,630,628,628]";33643.00;14031.00
1;100;3300;68880;645;13;"[102,32178,35579,40530,45568,48505,50962,52221,53060,53899,54528,59566,60825]";"[3303,1304350,1389208,1536650,1682533,1776185,1814662,1845426,1869744,1886298,1902735,2020453,2059893]";"[196,645,645,645,645,645,645,645,645,645,645,645,645]";"[748,697,681,669,669,659,655,654,649,649,648,647,645]";147608.00;53500.00
1;100;3300;78172;559;13;"[102,43494,49368,54426,56104,58623,61421,63940,66962,67591,70110,70469,71308]";"[3303,1825829,1978744,2090360,2134149,2186224,2298284,2397948,2440677,2447696,2490687,2493649,2505346]";"[129,559,559,559,559,559,559,559,559,559,559,559,559]";"[630,587,581,575,572,569,569,568,563,562,562,559,559]";216794.00;64989.00
1;150;4470;109596;676;16;"[152,42173,51467,58392,61539,63356,64703,66779,69577,70275,70634,70913,73432,74061,74420,74839]";"[4475,1839373,2204187,2429996,2513472,2552649,2577600,2621327,2683854,2698917,2704803,2710104,2753797,2763790,2769290,2775368]";"[167,676,676,676,676,676,676,676,676,676,676,676,676,676,676,676]";"[778,725,717,712,703,701,697,693,688,685,685,681,680,678,676,676]";214588.00;91066.00
