    n    m KdN         V         E      orig       new       opt  ratio    TC1    TC2    TC3
    5    5   0     65.75    533.18      0.32      0.30      0.29   0.90   0.33   0.21   0.46
    5    5   1     15.27     30.85      0.01      0.01      0.01   1.16   0.32   0.27   0.40
    5    6   0     65.75    651.66      0.36      0.38      0.36   1.00   0.34   0.22   0.44
    5    6   1     15.27     32.87      0.01      0.01      0.01   1.14   0.33   0.27   0.40
   10   22   0    125.05   2662.68      0.79      0.84      0.90   1.14   0.31   0.15   0.54
   10   22   1     23.40     83.40      0.02      0.02      0.02   1.05   0.37   0.16   0.47
   10   30   0    125.05   3551.12      1.15      1.33      1.34   1.16   0.31   0.15   0.54
   10   30   1     23.40    106.63      0.03      0.03      0.03   1.09   0.36   0.17   0.47
   15   52   0    215.61   6844.80      1.36      1.96      2.55   1.88   0.32   0.15   0.53
   15   52   1     38.10    194.38      0.05      0.04      0.04   0.95   0.36   0.22   0.42
   15   70   0    215.61   9590.20      2.11      2.25      2.16   1.03   0.32   0.16   0.52
   15   70   1     38.10    253.06      0.05      0.06      0.06   1.03   0.36   0.22   0.42
   20   95   0    270.39  12688.56      2.34      2.24      2.30   0.98   0.38   0.16   0.46
   20   95   1     48.31    342.46      0.06      0.07      0.07   1.12   0.36   0.20   0.44
   20  126   0    270.39  16965.94      3.35      3.48      3.68   1.10   0.38   0.16   0.46
   20  126   1     48.31    444.42      0.08      0.08      0.08   1.01   0.36   0.20   0.44
   25  150   0    385.21  24700.83      4.47      4.21      4.10   0.92   0.33   0.15   0.52
   25  150   1     66.66    649.07      0.09      0.10      0.09   1.06   0.31   0.18   0.51
   25  200   0    385.21  33496.08      6.47      6.54      6.30   0.97   0.33   0.15   0.52
   25  200   1     66.66    863.50      0.11      0.13      0.13   1.10   0.31   0.18   0.51
   30  217   0    435.45  32253.17      5.18      5.56      4.97   0.96   0.35   0.18   0.47
   30  217   1     75.21    845.08      0.09      0.10      0.10   1.08   0.33   0.19   0.48
   30  290   0    435.45  42721.62      7.71      8.46      8.54   1.11   0.35   0.18   0.47
   30  290   1     75.21   1127.52      0.13      0.15      0.14   1.10   0.33   0.19   0.48
   35  297   0    483.45  40780.12      6.34      6.20      6.26   0.99   0.36   0.16   0.48
   35  297   1     86.23   1139.69      0.12      0.14      0.13   1.09   0.33   0.19   0.48
   35  396   0    483.45  54421.55      9.75      9.21      9.85   1.01   0.36   0.16   0.48
   35  396   1     86.23   1516.98      0.15      0.17      0.17   1.12   0.33   0.19   0.48
   40  390   0    548.63  50894.38      7.86      7.85      7.57   0.96   0.36   0.15   0.49
   40  390   1     96.07   1460.67      0.13      0.15      0.14   1.07   0.35   0.18   0.47
   40  520   0    548.63  68384.69     11.52     11.86     11.64   1.01   0.36   0.15   0.49
   40  520   1     96.07   1947.68      0.18      0.20      0.20   1.12   0.35   0.18   0.47
   45  495   0    697.95  83031.63     12.42     12.88     12.43   1.00   0.35   0.16   0.49
   45  495   1    118.83   2104.85      0.17      0.19      0.18   1.07   0.32   0.19   0.49
   45  660   0    697.95 111247.11     16.92     18.25     17.82   1.05   0.35   0.17   0.49
   45  660   1    118.83   2787.42      0.27      0.28      0.25   0.95   0.32   0.19   0.49
   50  612   0    784.58 112378.30     15.77     15.60     15.79   1.00   0.33   0.16   0.51
   50  612   1    132.69   2656.44      0.20      0.22      0.21   1.06   0.31   0.18   0.50
   50  816   0    784.58 150321.88     21.74     22.51     22.26   1.02   0.33   0.16   0.51
   50  816   1    132.69   3531.88      0.32      0.35      0.39   1.23   0.31   0.18   0.50
   55  742   0    763.73 103448.81     13.43     14.14     13.27   0.99   0.36   0.16   0.48
   55  742   1    132.09   2739.68      0.19      0.21      0.20   1.05   0.35   0.19   0.46
   55  990   0    763.73 139821.05     18.99     18.56     18.63   0.98   0.36   0.16   0.48
   55  990   1    132.09   3645.00      0.26      0.29      0.27   1.05   0.35   0.19   0.46
   60  885   0    783.54 109078.65     13.11     13.44     12.93   0.99   0.35   0.15   0.49
   60  885   1    136.94   3022.85      0.21      0.22      0.21   1.03   0.35   0.19   0.46
   60 1180   0    783.54 145528.62     18.09     17.27     17.79   0.98   0.35   0.15   0.49
   60 1180   1    136.94   4015.79      0.27      0.29      0.28   1.05   0.35   0.19   0.46
   65 1040   0    896.62 145679.71     17.15     17.15     16.98   0.99   0.35   0.16   0.49
   65 1040   1    157.93   3840.75      0.23      0.25      0.27   1.16   0.34   0.19   0.47
   65 1386   0    896.62 192872.13     22.62     23.90     23.62   1.04   0.35   0.16   0.49
   65 1386   1    157.93   5109.00      0.33      0.36      0.35   1.07   0.34   0.19   0.47
   70 1207   0   1032.59 202043.40     22.00     22.10     23.59   1.07   0.35   0.16   0.49
   70 1207   1    178.91   4859.45      0.26      0.29      0.28   1.08   0.32   0.19   0.49
   70 1610   0   1032.59 268926.31     28.08     29.85     29.59   1.05   0.35   0.16   0.49
   70 1610   1    178.91   6478.83      0.36      0.40      0.39   1.08   0.32   0.19   0.49
   75 1387   0    927.10 158519.76     14.99     15.76     15.71   1.05   0.37   0.17   0.46
   75 1387   1    165.03   4502.53      0.25      0.27      0.26   1.06   0.36   0.19   0.46
   75 1850   0    927.10 213229.01     20.91     21.24     21.09   1.01   0.37   0.17   0.46
   75 1850   1    165.03   5997.46      0.33      0.35      0.35   1.05   0.36   0.19   0.46
   80 1580   0   1158.88 232633.82     22.75     21.41     20.90   0.92   0.36   0.17   0.48
   80 1580   1    204.29   6290.54      0.30      0.33      0.32   1.08   0.34   0.20   0.47
   80 2106   0   1158.88 310977.05     29.15     30.92     30.62   1.05   0.36   0.17   0.48
   80 2106   1    204.29   8374.32      0.39      0.44      0.43   1.09   0.33   0.20   0.47
   85 1785   0   1202.76 279905.60     25.27     25.61     25.17   1.00   0.36   0.16   0.48
   85 1785   1    213.77   7198.19      0.31      0.35      0.34   1.09   0.32   0.18   0.49
   85 2380   0   1202.76 373253.60     35.36     35.62     33.22   0.94   0.36   0.16   0.48
   85 2380   1    213.77   9579.48      0.43      0.48      0.46   1.08   0.32   0.18   0.49
   90 2002   0   1236.48 277263.33     23.96     24.28     23.89   1.00   0.34   0.16   0.49
   90 2002   1    218.87   7543.43      0.31      0.34      0.34   1.08   0.33   0.19   0.48
   90 2670   0   1236.48 368208.11     33.03     33.60     33.15   1.00   0.34   0.16   0.49
   90 2670   1    218.87  10037.75      0.42      0.47      0.45   1.07   0.33   0.19   0.48
   95 2232   0   1095.06 204041.09     16.59     16.84     16.55   1.00   0.37   0.18   0.46
   95 2232   1    197.48   6460.83      0.26      0.28      0.27   1.07   0.38   0.20   0.43
   95 2976   0   1095.06 273270.07     23.23     23.58     23.30   1.00   0.37   0.17   0.46
   95 2976   1    197.48   8626.41      0.37      0.41      0.40   1.08   0.38   0.20   0.43
  100 2475   0   1401.22 357143.07     28.76     29.08     28.56   0.99   0.36   0.16   0.49
  100 2475   1    253.50   9733.43      0.37      0.41      0.40   1.08   0.33   0.20   0.47
  100 3300   0   1401.22 477853.81     39.81     40.44     39.92   1.00   0.36   0.16   0.49
  100 3300   1    253.50  12946.51      0.55      0.64      0.59   1.07   0.33   0.20   0.47
